Arguments: 
  /usr/local/bin/node /Users/yg/.node/corepack/yarn/1.22.15/bin/yarn.js add -D vite-plugin-mock

PATH: 
  /usr/local/bin:/usr/bin:/bin:/usr/sbin:/sbin:/Library/Apple/usr/bin

Yarn version: 
  1.22.15

Node version: 
  18.1.0

Platform: 
  darwin x64

Trace: 
  Error: http://npm.stary.ltd:80/@ant-design%2fcolors/-/colors-6.0.0.tgz: Request failed "502 Bad Gateway"
      at ResponseError.ExtendableBuiltin (/Users/yg/.node/corepack/yarn/1.22.15/lib/cli.js:696:66)
      at new ResponseError (/Users/yg/.node/corepack/yarn/1.22.15/lib/cli.js:802:124)
      at Request.<anonymous> (/Users/yg/.node/corepack/yarn/1.22.15/lib/cli.js:66210:16)
      at Request.emit (node:events:527:28)
      at module.exports.Request.onRequestResponse (/Users/yg/.node/corepack/yarn/1.22.15/lib/cli.js:141762:10)
      at ClientRequest.emit (node:events:527:28)
      at HTTPParser.parserOnIncomingClient (node:_http_client:631:27)
      at HTTPParser.parserOnHeadersComplete (node:_http_common:117:17)
      at Socket.socketOnData (node:_http_client:494:22)
      at Socket.emit (node:events:527:28)

npm manifest: 
  {
    "name": "react-simple-admin",
    "private": true,
    "version": "0.0.0",
    "scripts": {
      "dev": "vite",
      "build": "tsc && vite build",
      "preview": "vite preview"
    },
    "dependencies": {
      "@ant-design/icons": "^4.7.0",
      "ahooks": "^3.5.2",
      "antd": "^4.21.5",
      "axios": "^0.27.2",
      "react": "^18.0.0",
      "react-dom": "^18.0.0",
      "react-router-dom": "^6.3.0"
    },
    "devDependencies": {
      "@types/mockjs": "^1.0.6",
      "@types/node": "^18.0.3",
      "@types/react": "^18.0.0",
      "@types/react-dom": "^18.0.0",
      "@vitejs/plugin-react": "^1.3.0",
      "less": "^4.1.3",
      "less-loader": "^11.0.0",
      "mockjs": "^1.1.0",
      "typescript": "^4.6.3",
      "vite": "^2.9.9",
      "vite-plugin-imp": "^2.2.0"
    }
  }

yarn manifest: 
  No manifest

Lockfile: 
  # THIS IS AN AUTOGENERATED FILE. DO NOT EDIT THIS FILE DIRECTLY.
  # yarn lockfile v1
  
  
  "@ampproject/remapping@^2.1.0":
    "integrity" "sha512-qRmjj8nj9qmLTQXXmaR1cck3UXSRMPrbsLJAasZpF+t3riI71BXed5ebIOYwQntykeZuhjsdweEc9BxH5Jc26w=="
    "resolved" "http://npm.stary.ltd:80/@ampproject%2fremapping/-/remapping-2.2.0.tgz"
    "version" "2.2.0"
    dependencies:
      "@jridgewell/gen-mapping" "^0.1.0"
      "@jridgewell/trace-mapping" "^0.3.9"
  
  "@ant-design/colors@^6.0.0":
    "integrity" "sha512-qAZRvPzfdWHtfameEGP2Qvuf838NhergR35o+EuVyB5XvSA98xod5r4utvi4TJ3ywmevm290g9nsCG5MryrdWQ=="
    "resolved" "http://npm.stary.ltd:80/@ant-design%2fcolors/-/colors-6.0.0.tgz"
    "version" "6.0.0"
    dependencies:
      "@ctrl/tinycolor" "^3.4.0"
  
  "@ant-design/icons-svg@^4.2.1":
    "integrity" "sha512-EB0iwlKDGpG93hW8f85CTJTs4SvMX7tt5ceupvhALp1IF44SeUFOMhKUOYqpsoYWQKAOuTRDMqn75rEaKDp0Xw=="
    "resolved" "http://npm.stary.ltd:80/@ant-design%2ficons-svg/-/icons-svg-4.2.1.tgz"
    "version" "4.2.1"
  
  "@ant-design/icons@^4.7.0":
    "integrity" "sha512-aoB4Z7JA431rt6d4u+8xcNPPCrdufSRMUOpxa1ab6mz1JCQZOEVolj2WVs/tDFmN62zzK30mNelEsprLYsSF3g=="
    "resolved" "http://npm.stary.ltd:80/@ant-design%2ficons/-/icons-4.7.0.tgz"
    "version" "4.7.0"
    dependencies:
      "@ant-design/colors" "^6.0.0"
      "@ant-design/icons-svg" "^4.2.1"
      "@babel/runtime" "^7.11.2"
      "classnames" "^2.2.6"
      "rc-util" "^5.9.4"
  
  "@ant-design/react-slick@~0.29.1":
    "integrity" "sha512-kgjtKmkGHa19FW21lHnAfyyH9AAoh35pBdcJ53rHmQ3O+cfFHGHnUbj/HFrRNJ5vIts09FKJVAD8RpaC+RaWfA=="
    "resolved" "http://npm.stary.ltd:80/@ant-design%2freact-slick/-/react-slick-0.29.2.tgz"
    "version" "0.29.2"
    dependencies:
      "@babel/runtime" "^7.10.4"
      "classnames" "^2.2.5"
      "json2mq" "^0.2.0"
      "lodash" "^4.17.21"
      "resize-observer-polyfill" "^1.5.1"
  
  "@babel/code-frame@^7.18.6":
    "integrity" "sha512-TDCmlK5eOvH+eH7cdAFlNXeVJqWIQ7gW9tY1GJIpUtFb6CmjVyq2VM3u71bOyR8CRihcCgMUYoDNyLXao3+70Q=="
    "resolved" "http://npm.stary.ltd:80/@babel%2fcode-frame/-/code-frame-7.18.6.tgz"
    "version" "7.18.6"
    dependencies:
      "@babel/highlight" "^7.18.6"
  
  "@babel/compat-data@^7.18.6":
    "integrity" "sha512-tzulrgDT0QD6U7BJ4TKVk2SDDg7wlP39P9yAx1RfLy7vP/7rsDRlWVfbWxElslu56+r7QOhB2NSDsabYYruoZQ=="
    "resolved" "http://npm.stary.ltd:80/@babel%2fcompat-data/-/compat-data-7.18.6.tgz"
    "version" "7.18.6"
  
  "@babel/core@^7.0.0", "@babel/core@^7.0.0-0", "@babel/core@^7.12.10", "@babel/core@^7.17.10":
    "integrity" "sha512-cQbWBpxcbbs/IUredIPkHiAGULLV8iwgNRMFzvbhEXISp4f3rUUXE5+TIw6KwUWUR3DwyI6gmBRnmAtYaWehwQ=="
    "resolved" "http://npm.stary.ltd:80/@babel%2fcore/-/core-7.18.6.tgz"
    "version" "7.18.6"
    dependencies:
      "@ampproject/remapping" "^2.1.0"
      "@babel/code-frame" "^7.18.6"
      "@babel/generator" "^7.18.6"
      "@babel/helper-compilation-targets" "^7.18.6"
      "@babel/helper-module-transforms" "^7.18.6"
      "@babel/helpers" "^7.18.6"
      "@babel/parser" "^7.18.6"
      "@babel/template" "^7.18.6"
      "@babel/traverse" "^7.18.6"
      "@babel/types" "^7.18.6"
      "convert-source-map" "^1.7.0"
      "debug" "^4.1.0"
      "gensync" "^1.0.0-beta.2"
      "json5" "^2.2.1"
      "semver" "^6.3.0"
  
  "@babel/generator@^7.12.11", "@babel/generator@^7.18.6":
    "integrity" "sha512-shck+7VLlY72a2w9c3zYWuE1pwOKEiQHV7GTUbSnhyl5eu3i04t30tBY82ZRWrDfo3gkakCFtevExnxbkf2a3A=="
    "resolved" "http://npm.stary.ltd:80/@babel%2fgenerator/-/generator-7.18.7.tgz"
    "version" "7.18.7"
    dependencies:
      "@babel/types" "^7.18.7"
      "@jridgewell/gen-mapping" "^0.3.2"
      "jsesc" "^2.5.1"
  
  "@babel/helper-annotate-as-pure@^7.18.6":
    "integrity" "sha512-duORpUiYrEpzKIop6iNbjnwKLAKnJ47csTyRACyEmWj0QdUrm5aqNJGHSSEQSUAvNW0ojX0dOmK9dZduvkfeXA=="
    "resolved" "http://npm.stary.ltd:80/@babel%2fhelper-annotate-as-pure/-/helper-annotate-as-pure-7.18.6.tgz"
    "version" "7.18.6"
    dependencies:
      "@babel/types" "^7.18.6"
  
  "@babel/helper-compilation-targets@^7.18.6":
    "integrity" "sha512-vFjbfhNCzqdeAtZflUFrG5YIFqGTqsctrtkZ1D/NB0mDW9TwW3GmmUepYY4G9wCET5rY5ugz4OGTcLd614IzQg=="
    "resolved" "http://npm.stary.ltd:80/@babel%2fhelper-compilation-targets/-/helper-compilation-targets-7.18.6.tgz"
    "version" "7.18.6"
    dependencies:
      "@babel/compat-data" "^7.18.6"
      "@babel/helper-validator-option" "^7.18.6"
      "browserslist" "^4.20.2"
      "semver" "^6.3.0"
  
  "@babel/helper-environment-visitor@^7.18.6":
    "integrity" "sha512-8n6gSfn2baOY+qlp+VSzsosjCVGFqWKmDF0cCWOybh52Dw3SEyoWR1KrhMJASjLwIEkkAufZ0xvr+SxLHSpy2Q=="
    "resolved" "http://npm.stary.ltd:80/@babel%2fhelper-environment-visitor/-/helper-environment-visitor-7.18.6.tgz"
    "version" "7.18.6"
  
  "@babel/helper-function-name@^7.18.6":
    "integrity" "sha512-0mWMxV1aC97dhjCah5U5Ua7668r5ZmSC2DLfH2EZnf9c3/dHZKiFa5pRLMH5tjSl471tY6496ZWk/kjNONBxhw=="
    "resolved" "http://npm.stary.ltd:80/@babel%2fhelper-function-name/-/helper-function-name-7.18.6.tgz"
    "version" "7.18.6"
    dependencies:
      "@babel/template" "^7.18.6"
      "@babel/types" "^7.18.6"
  
  "@babel/helper-hoist-variables@^7.18.6":
    "integrity" "sha512-UlJQPkFqFULIcyW5sbzgbkxn2FKRgwWiRexcuaR8RNJRy8+LLveqPjwZV/bwrLZCN0eUHD/x8D0heK1ozuoo6Q=="
    "resolved" "http://npm.stary.ltd:80/@babel%2fhelper-hoist-variables/-/helper-hoist-variables-7.18.6.tgz"
    "version" "7.18.6"
    dependencies:
      "@babel/types" "^7.18.6"
  
  "@babel/helper-module-imports@^7.18.6":
    "integrity" "sha512-0NFvs3VkuSYbFi1x2Vd6tKrywq+z/cLeYC/RJNFrIX/30Bf5aiGYbtvGXolEktzJH8o5E5KJ3tT+nkxuuZFVlA=="
    "resolved" "http://npm.stary.ltd:80/@babel%2fhelper-module-imports/-/helper-module-imports-7.18.6.tgz"
    "version" "7.18.6"
    dependencies:
      "@babel/types" "^7.18.6"
  
  "@babel/helper-module-transforms@^7.18.6":
    "integrity" "sha512-L//phhB4al5uucwzlimruukHB3jRd5JGClwRMD/ROrVjXfLqovYnvQrK/JK36WYyVwGGO7OD3kMyVTjx+WVPhw=="
    "resolved" "http://npm.stary.ltd:80/@babel%2fhelper-module-transforms/-/helper-module-transforms-7.18.6.tgz"
    "version" "7.18.6"
    dependencies:
      "@babel/helper-environment-visitor" "^7.18.6"
      "@babel/helper-module-imports" "^7.18.6"
      "@babel/helper-simple-access" "^7.18.6"
      "@babel/helper-split-export-declaration" "^7.18.6"
      "@babel/helper-validator-identifier" "^7.18.6"
      "@babel/template" "^7.18.6"
      "@babel/traverse" "^7.18.6"
      "@babel/types" "^7.18.6"
  
  "@babel/helper-plugin-utils@^7.18.6":
    "integrity" "sha512-gvZnm1YAAxh13eJdkb9EWHBnF3eAub3XTLCZEehHT2kWxiKVRL64+ae5Y6Ivne0mVHmMYKT+xWgZO+gQhuLUBg=="
    "resolved" "http://npm.stary.ltd:80/@babel%2fhelper-plugin-utils/-/helper-plugin-utils-7.18.6.tgz"
    "version" "7.18.6"
  
  "@babel/helper-simple-access@^7.18.6":
    "integrity" "sha512-iNpIgTgyAvDQpDj76POqg+YEt8fPxx3yaNBg3S30dxNKm2SWfYhD0TGrK/Eu9wHpUW63VQU894TsTg+GLbUa1g=="
    "resolved" "http://npm.stary.ltd:80/@babel%2fhelper-simple-access/-/helper-simple-access-7.18.6.tgz"
    "version" "7.18.6"
    dependencies:
      "@babel/types" "^7.18.6"
  
  "@babel/helper-split-export-declaration@^7.18.6":
    "integrity" "sha512-bde1etTx6ZyTmobl9LLMMQsaizFVZrquTEHOqKeQESMKo4PlObf+8+JA25ZsIpZhT/WEd39+vOdLXAFG/nELpA=="
    "resolved" "http://npm.stary.ltd:80/@babel%2fhelper-split-export-declaration/-/helper-split-export-declaration-7.18.6.tgz"
    "version" "7.18.6"
    dependencies:
      "@babel/types" "^7.18.6"
  
  "@babel/helper-validator-identifier@^7.18.6":
    "integrity" "sha512-MmetCkz9ej86nJQV+sFCxoGGrUbU3q02kgLciwkrt9QqEB7cP39oKEY0PakknEO0Gu20SskMRi+AYZ3b1TpN9g=="
    "resolved" "http://npm.stary.ltd:80/@babel%2fhelper-validator-identifier/-/helper-validator-identifier-7.18.6.tgz"
    "version" "7.18.6"
  
  "@babel/helper-validator-option@^7.18.6":
    "integrity" "sha512-XO7gESt5ouv/LRJdrVjkShckw6STTaB7l9BrpBaAHDeF5YZT+01PCwmR0SJHnkW6i8OwW/EVWRShfi4j2x+KQw=="
    "resolved" "http://npm.stary.ltd:80/@babel%2fhelper-validator-option/-/helper-validator-option-7.18.6.tgz"
    "version" "7.18.6"
  
  "@babel/helpers@^7.18.6":
    "integrity" "sha512-vzSiiqbQOghPngUYt/zWGvK3LAsPhz55vc9XNN0xAl2gV4ieShI2OQli5duxWHD+72PZPTKAcfcZDE1Cwc5zsQ=="
    "resolved" "http://npm.stary.ltd:80/@babel%2fhelpers/-/helpers-7.18.6.tgz"
    "version" "7.18.6"
    dependencies:
      "@babel/template" "^7.18.6"
      "@babel/traverse" "^7.18.6"
      "@babel/types" "^7.18.6"
  
  "@babel/highlight@^7.18.6":
    "integrity" "sha512-u7stbOuYjaPezCuLj29hNW1v64M2Md2qupEKP1fHc7WdOA3DgLh37suiSrZYY7haUB7iBeQZ9P1uiRF359do3g=="
    "resolved" "http://npm.stary.ltd:80/@babel%2fhighlight/-/highlight-7.18.6.tgz"
    "version" "7.18.6"
    dependencies:
      "@babel/helper-validator-identifier" "^7.18.6"
      "chalk" "^2.0.0"
      "js-tokens" "^4.0.0"
  
  "@babel/parser@^7.12.11", "@babel/parser@^7.18.6":
    "integrity" "sha512-uQVSa9jJUe/G/304lXspfWVpKpK4euFLgGiMQFOCpM/bgcAdeoHwi/OQz23O9GK2osz26ZiXRRV9aV+Yl1O8tw=="
    "resolved" "http://npm.stary.ltd:80/@babel%2fparser/-/parser-7.18.6.tgz"
    "version" "7.18.6"
  
  "@babel/plugin-syntax-jsx@^7.18.6":
    "integrity" "sha512-6mmljtAedFGTWu2p/8WIORGwy+61PLgOMPOdazc7YoJ9ZCWUyFy3A6CpPkRKLKD1ToAesxX8KGEViAiLo9N+7Q=="
    "resolved" "http://npm.stary.ltd:80/@babel%2fplugin-syntax-jsx/-/plugin-syntax-jsx-7.18.6.tgz"
    "version" "7.18.6"
    dependencies:
      "@babel/helper-plugin-utils" "^7.18.6"
  
  "@babel/plugin-transform-react-jsx-development@^7.16.7":
    "integrity" "sha512-SA6HEjwYFKF7WDjWcMcMGUimmw/nhNRDWxr+KaLSCrkD/LMDBvWRmHAYgE1HDeF8KUuI8OAu+RT6EOtKxSW2qA=="
    "resolved" "http://npm.stary.ltd:80/@babel%2fplugin-transform-react-jsx-development/-/plugin-transform-react-jsx-development-7.18.6.tgz"
    "version" "7.18.6"
    dependencies:
      "@babel/plugin-transform-react-jsx" "^7.18.6"
  
  "@babel/plugin-transform-react-jsx-self@^7.16.7":
    "integrity" "sha512-A0LQGx4+4Jv7u/tWzoJF7alZwnBDQd6cGLh9P+Ttk4dpiL+J5p7NSNv/9tlEFFJDq3kjxOavWmbm6t0Gk+A3Ig=="
    "resolved" "http://npm.stary.ltd:80/@babel%2fplugin-transform-react-jsx-self/-/plugin-transform-react-jsx-self-7.18.6.tgz"
    "version" "7.18.6"
    dependencies:
      "@babel/helper-plugin-utils" "^7.18.6"
  
  "@babel/plugin-transform-react-jsx-source@^7.16.7":
    "integrity" "sha512-utZmlASneDfdaMh0m/WausbjUjEdGrQJz0vFK93d7wD3xf5wBtX219+q6IlCNZeguIcxS2f/CvLZrlLSvSHQXw=="
    "resolved" "http://npm.stary.ltd:80/@babel%2fplugin-transform-react-jsx-source/-/plugin-transform-react-jsx-source-7.18.6.tgz"
    "version" "7.18.6"
    dependencies:
      "@babel/helper-plugin-utils" "^7.18.6"
  
  "@babel/plugin-transform-react-jsx@^7.17.3", "@babel/plugin-transform-react-jsx@^7.18.6":
    "integrity" "sha512-Mz7xMPxoy9kPS/JScj6fJs03TZ/fZ1dJPlMjRAgTaxaS0fUBk8FV/A2rRgfPsVCZqALNwMexD+0Uaf5zlcKPpw=="
    "resolved" "http://npm.stary.ltd:80/@babel%2fplugin-transform-react-jsx/-/plugin-transform-react-jsx-7.18.6.tgz"
    "version" "7.18.6"
    dependencies:
      "@babel/helper-annotate-as-pure" "^7.18.6"
      "@babel/helper-module-imports" "^7.18.6"
      "@babel/helper-plugin-utils" "^7.18.6"
      "@babel/plugin-syntax-jsx" "^7.18.6"
      "@babel/types" "^7.18.6"
  
  "@babel/runtime@^7.10.1", "@babel/runtime@^7.10.2", "@babel/runtime@^7.10.4", "@babel/runtime@^7.11.1", "@babel/runtime@^7.11.2", "@babel/runtime@^7.12.5", "@babel/runtime@^7.18.0", "@babel/runtime@^7.18.3", "@babel/runtime@^7.7.6":
    "integrity" "sha512-t9wi7/AW6XtKahAe20Yw0/mMljKq0B1r2fPdvaAdV/KPDZewFXdaaa6K7lxmZBZ8FBNpCiAT6iHPmd6QO9bKfQ=="
    "resolved" "http://npm.stary.ltd:80/@babel%2fruntime/-/runtime-7.18.6.tgz"
    "version" "7.18.6"
    dependencies:
      "regenerator-runtime" "^0.13.4"
  
  "@babel/template@^7.18.6":
    "integrity" "sha512-JoDWzPe+wgBsTTgdnIma3iHNFC7YVJoPssVBDjiHfNlyt4YcunDtcDOUmfVDfCK5MfdsaIoX9PkijPhjH3nYUw=="
    "resolved" "http://npm.stary.ltd:80/@babel%2ftemplate/-/template-7.18.6.tgz"
    "version" "7.18.6"
    dependencies:
      "@babel/code-frame" "^7.18.6"
      "@babel/parser" "^7.18.6"
      "@babel/types" "^7.18.6"
  
  "@babel/traverse@^7.12.12", "@babel/traverse@^7.18.6":
    "integrity" "sha512-zS/OKyqmD7lslOtFqbscH6gMLFYOfG1YPqCKfAW5KrTeolKqvB8UelR49Fpr6y93kYkW2Ik00mT1LOGiAGvizw=="
    "resolved" "http://npm.stary.ltd:80/@babel%2ftraverse/-/traverse-7.18.6.tgz"
    "version" "7.18.6"
    dependencies:
      "@babel/code-frame" "^7.18.6"
      "@babel/generator" "^7.18.6"
      "@babel/helper-environment-visitor" "^7.18.6"
      "@babel/helper-function-name" "^7.18.6"
      "@babel/helper-hoist-variables" "^7.18.6"
      "@babel/helper-split-export-declaration" "^7.18.6"
      "@babel/parser" "^7.18.6"
      "@babel/types" "^7.18.6"
      "debug" "^4.1.0"
      "globals" "^11.1.0"
  
  "@babel/types@^7.18.6", "@babel/types@^7.18.7":
    "integrity" "sha512-QG3yxTcTIBoAcQmkCs+wAPYZhu7Dk9rXKacINfNbdJDNERTbLQbHGyVG8q/YGMPeCJRIhSY0+fTc5+xuh6WPSQ=="
    "resolved" "http://npm.stary.ltd:80/@babel%2ftypes/-/types-7.18.7.tgz"
    "version" "7.18.7"
    dependencies:
      "@babel/helper-validator-identifier" "^7.18.6"
      "to-fast-properties" "^2.0.0"
  
  "@ctrl/tinycolor@^3.4.0":
    "integrity" "sha512-ej5oVy6lykXsvieQtqZxCOaLT+xD4+QNarq78cIYISHmZXshCvROLudpQN3lfL8G0NL7plMSSK+zlyvCaIJ4Iw=="
    "resolved" "http://npm.stary.ltd:80/@ctrl%2ftinycolor/-/tinycolor-3.4.1.tgz"
    "version" "3.4.1"
  
  "@jridgewell/gen-mapping@^0.1.0":
    "integrity" "sha512-sQXCasFk+U8lWYEe66WxRDOE9PjVz4vSM51fTu3Hw+ClTpUSQb718772vH3pyS5pShp6lvQM7SxgIDXXXmOX7w=="
    "resolved" "http://npm.stary.ltd:80/@jridgewell%2fgen-mapping/-/gen-mapping-0.1.1.tgz"
    "version" "0.1.1"
    dependencies:
      "@jridgewell/set-array" "^1.0.0"
      "@jridgewell/sourcemap-codec" "^1.4.10"
  
  "@jridgewell/gen-mapping@^0.3.0", "@jridgewell/gen-mapping@^0.3.2":
    "integrity" "sha512-mh65xKQAzI6iBcFzwv28KVWSmCkdRBWoOh+bYQGW3+6OZvbbN3TqMGo5hqYxQniRcH9F2VZIoJCm4pa3BPDK/A=="
    "resolved" "http://npm.stary.ltd:80/@jridgewell%2fgen-mapping/-/gen-mapping-0.3.2.tgz"
    "version" "0.3.2"
    dependencies:
      "@jridgewell/set-array" "^1.0.1"
      "@jridgewell/sourcemap-codec" "^1.4.10"
      "@jridgewell/trace-mapping" "^0.3.9"
  
  "@jridgewell/resolve-uri@^3.0.3":
    "integrity" "sha512-F2msla3tad+Mfht5cJq7LSXcdudKTWCVYUgw6pLFOOHSTtZlj6SWNYAp+AhuqLmWdBO2X5hPrLcu8cVP8fy28w=="
    "resolved" "http://npm.stary.ltd:80/@jridgewell%2fresolve-uri/-/resolve-uri-3.1.0.tgz"
    "version" "3.1.0"
  
  "@jridgewell/set-array@^1.0.0", "@jridgewell/set-array@^1.0.1":
    "integrity" "sha512-xnkseuNADM0gt2bs+BvhO0p78Mk762YnZdsuzFV018NoG1Sj1SCQvpSqa7XUaTam5vAGasABV9qXASMKnFMwMw=="
    "resolved" "http://npm.stary.ltd:80/@jridgewell%2fset-array/-/set-array-1.1.2.tgz"
    "version" "1.1.2"
  
  "@jridgewell/source-map@^0.3.2":
    "integrity" "sha512-m7O9o2uR8k2ObDysZYzdfhb08VuEml5oWGiosa1VdaPZ/A6QyPkAJuwN0Q1lhULOf6B7MtQmHENS743hWtCrgw=="
    "resolved" "https://registry.npmmirror.com/@jridgewell/source-map/-/source-map-0.3.2.tgz"
    "version" "0.3.2"
    dependencies:
      "@jridgewell/gen-mapping" "^0.3.0"
      "@jridgewell/trace-mapping" "^0.3.9"
  
  "@jridgewell/sourcemap-codec@^1.4.10":
    "integrity" "sha512-XPSJHWmi394fuUuzDnGz1wiKqWfo1yXecHQMRf2l6hztTO+nPru658AyDngaBe7isIxEkRsPR3FZh+s7iVa4Uw=="
    "resolved" "http://npm.stary.ltd:80/@jridgewell%2fsourcemap-codec/-/sourcemap-codec-1.4.14.tgz"
    "version" "1.4.14"
  
  "@jridgewell/trace-mapping@^0.3.7", "@jridgewell/trace-mapping@^0.3.9":
    "integrity" "sha512-bJWEfQ9lPTvm3SneWwRFVLzrh6nhjwqw7TUFFBEMzwvg7t7PCDenf2lDwqo4NQXzdpgBXyFgDWnQA+2vkruksQ=="
    "resolved" "http://npm.stary.ltd:80/@jridgewell%2ftrace-mapping/-/trace-mapping-0.3.14.tgz"
    "version" "0.3.14"
    dependencies:
      "@jridgewell/resolve-uri" "^3.0.3"
      "@jridgewell/sourcemap-codec" "^1.4.10"
  
  "@rollup/pluginutils@^4.2.1":
    "integrity" "sha512-iKnFXr7NkdZAIHiIWE+BX5ULi/ucVFYWD6TbAV+rZctiRTY2PL6tsIKhoIOaoskiWAkgu+VsbXgUVDNLHf+InQ=="
    "resolved" "http://npm.stary.ltd:80/@rollup%2fpluginutils/-/pluginutils-4.2.1.tgz"
    "version" "4.2.1"
    dependencies:
      "estree-walker" "^2.0.1"
      "picomatch" "^2.2.2"
  
  "@types/eslint-scope@^3.7.3":
    "integrity" "sha512-9K4zoImiZc3HlIp6AVUDE4CWYx22a+lhSZMYNpbjW04+YF0KWj4pJXnEMjdnFTiQibFFmElcsasJXDbdI/EPhA=="
    "resolved" "https://registry.npmmirror.com/@types/eslint-scope/-/eslint-scope-3.7.4.tgz"
    "version" "3.7.4"
    dependencies:
      "@types/eslint" "*"
      "@types/estree" "*"
  
  "@types/eslint@*":
    "integrity" "sha512-dhsC09y1gpJWnK+Ff4SGvCuSnk9DaU0BJZSzOwa6GVSg65XtTugLBITDAAzRU5duGBoXBHpdR/9jHGxJjNflJQ=="
    "resolved" "https://registry.npmmirror.com/@types/eslint/-/eslint-8.4.5.tgz"
    "version" "8.4.5"
    dependencies:
      "@types/estree" "*"
      "@types/json-schema" "*"
  
  "@types/estree@*", "@types/estree@^0.0.51":
    "integrity" "sha512-CuPgU6f3eT/XgKKPqKd/gLZV1Xmvf1a2R5POBOGQa6uv82xpls89HU5zKeVoyR8XzHd1RGNOlQlvUe3CFkjWNQ=="
    "resolved" "https://registry.npmmirror.com/@types/estree/-/estree-0.0.51.tgz"
    "version" "0.0.51"
  
  "@types/js-cookie@^2.x.x":
    "integrity" "sha512-aLkWa0C0vO5b4Sr798E26QgOkss68Un0bLjs7u9qxzPT5CG+8DuNTffWES58YzJs3hrVAOs1wonycqEBqNJubA=="
    "resolved" "http://npm.stary.ltd:80/@types%2fjs-cookie/-/js-cookie-2.2.7.tgz"
    "version" "2.2.7"
  
  "@types/json-schema@*", "@types/json-schema@^7.0.8":
    "integrity" "sha512-wOuvG1SN4Us4rez+tylwwwCV1psiNVOkJeM3AUWUNWg/jDQY2+HE/444y5gc+jBmRqASOm2Oeh5c1axHobwRKQ=="
    "resolved" "https://registry.npmmirror.com/@types/json-schema/-/json-schema-7.0.11.tgz"
    "version" "7.0.11"
  
  "@types/mockjs@^1.0.6":
    "integrity" "sha512-Yu5YlqbYZyqsd6LjO4e8ONJDN9pTSnciHDcRP4teNOh/au2b8helFhgRx+3w8xsTFEnwr9jtfTVJbAx+eYmlHA=="
    "resolved" "https://registry.npmmirror.com/@types/mockjs/-/mockjs-1.0.6.tgz"
    "version" "1.0.6"
  
  "@types/node@*", "@types/node@^18.0.3":
    "integrity" "sha512-HzNRZtp4eepNitP+BD6k2L6DROIDG4Q0fm4x+dwfsr6LGmROENnok75VGw40628xf+iR24WeMFcHuuBDUAzzsQ=="
    "resolved" "http://npm.stary.ltd:80/@types%2fnode/-/node-18.0.3.tgz"
    "version" "18.0.3"
  
  "@types/prop-types@*":
    "integrity" "sha512-JCB8C6SnDoQf0cNycqd/35A7MjcnK+ZTqE7judS6o7utxUCg6imJg3QK2qzHKszlTjcj2cn+NwMB2i96ubpj7w=="
    "resolved" "http://npm.stary.ltd:80/@types%2fprop-types/-/prop-types-15.7.5.tgz"
    "version" "15.7.5"
  
  "@types/react-dom@^18.0.0":
    "integrity" "sha512-/5OFZgfIPSwy+YuIBP/FgJnQnsxhZhjjrnxudMddeblOouIodEQ75X14Rr4wGSG/bknL+Omy9iWlLo1u/9GzAA=="
    "resolved" "http://npm.stary.ltd:80/@types%2freact-dom/-/react-dom-18.0.6.tgz"
    "version" "18.0.6"
    dependencies:
      "@types/react" "*"
  
  "@types/react@*", "@types/react@^18.0.0":
    "integrity" "sha512-iz3BtLuIYH1uWdsv6wXYdhozhqj20oD4/Hk2DNXIn1kFsmp9x8d9QB6FnPhfkbhd2PgEONt9Q1x/ebkwjfFLow=="
    "resolved" "http://npm.stary.ltd:80/@types%2freact/-/react-18.0.15.tgz"
    "version" "18.0.15"
    dependencies:
      "@types/prop-types" "*"
      "@types/scheduler" "*"
      "csstype" "^3.0.2"
  
  "@types/scheduler@*":
    "integrity" "sha512-hppQEBDmlwhFAXKJX2KnWLYu5yMfi91yazPb2l+lbJiwW+wdo1gNeRA+3RgNSO39WYX2euey41KEwnqesU2Jew=="
    "resolved" "http://npm.stary.ltd:80/@types%2fscheduler/-/scheduler-0.16.2.tgz"
    "version" "0.16.2"
  
  "@vitejs/plugin-react@^1.3.0":
    "integrity" "sha512-aurBNmMo0kz1O4qRoY+FM4epSA39y3ShWGuqfLRA/3z0oEJAdtoSfgA3aO98/PCCHAqMaduLxIxErWrVKIFzXA=="
    "resolved" "http://npm.stary.ltd:80/@vitejs%2fplugin-react/-/plugin-react-1.3.2.tgz"
    "version" "1.3.2"
    dependencies:
      "@babel/core" "^7.17.10"
      "@babel/plugin-transform-react-jsx" "^7.17.3"
      "@babel/plugin-transform-react-jsx-development" "^7.16.7"
      "@babel/plugin-transform-react-jsx-self" "^7.16.7"
      "@babel/plugin-transform-react-jsx-source" "^7.16.7"
      "@rollup/pluginutils" "^4.2.1"
      "react-refresh" "^0.13.0"
      "resolve" "^1.22.0"
  
  "@webassemblyjs/ast@1.11.1":
    "integrity" "sha512-ukBh14qFLjxTQNTXocdyksN5QdM28S1CxHt2rdskFyL+xFV7VremuBLVbmCePj+URalXBENx/9Lm7lnhihtCSw=="
    "resolved" "https://registry.npmmirror.com/@webassemblyjs/ast/-/ast-1.11.1.tgz"
    "version" "1.11.1"
    dependencies:
      "@webassemblyjs/helper-numbers" "1.11.1"
      "@webassemblyjs/helper-wasm-bytecode" "1.11.1"
  
  "@webassemblyjs/floating-point-hex-parser@1.11.1":
    "integrity" "sha512-iGRfyc5Bq+NnNuX8b5hwBrRjzf0ocrJPI6GWFodBFzmFnyvrQ83SHKhmilCU/8Jv67i4GJZBMhEzltxzcNagtQ=="
    "resolved" "https://registry.npmmirror.com/@webassemblyjs/floating-point-hex-parser/-/floating-point-hex-parser-1.11.1.tgz"
    "version" "1.11.1"
  
  "@webassemblyjs/helper-api-error@1.11.1":
    "integrity" "sha512-RlhS8CBCXfRUR/cwo2ho9bkheSXG0+NwooXcc3PAILALf2QLdFyj7KGsKRbVc95hZnhnERon4kW/D3SZpp6Tcg=="
    "resolved" "https://registry.npmmirror.com/@webassemblyjs/helper-api-error/-/helper-api-error-1.11.1.tgz"
    "version" "1.11.1"
  
  "@webassemblyjs/helper-buffer@1.11.1":
    "integrity" "sha512-gwikF65aDNeeXa8JxXa2BAk+REjSyhrNC9ZwdT0f8jc4dQQeDQ7G4m0f2QCLPJiMTTO6wfDmRmj/pW0PsUvIcA=="
    "resolved" "https://registry.npmmirror.com/@webassemblyjs/helper-buffer/-/helper-buffer-1.11.1.tgz"
    "version" "1.11.1"
  
  "@webassemblyjs/helper-numbers@1.11.1":
    "integrity" "sha512-vDkbxiB8zfnPdNK9Rajcey5C0w+QJugEglN0of+kmO8l7lDb77AnlKYQF7aarZuCrv+l0UvqL+68gSDr3k9LPQ=="
    "resolved" "https://registry.npmmirror.com/@webassemblyjs/helper-numbers/-/helper-numbers-1.11.1.tgz"
    "version" "1.11.1"
    dependencies:
      "@webassemblyjs/floating-point-hex-parser" "1.11.1"
      "@webassemblyjs/helper-api-error" "1.11.1"
      "@xtuc/long" "4.2.2"
  
  "@webassemblyjs/helper-wasm-bytecode@1.11.1":
    "integrity" "sha512-PvpoOGiJwXeTrSf/qfudJhwlvDQxFgelbMqtq52WWiXC6Xgg1IREdngmPN3bs4RoO83PnL/nFrxucXj1+BX62Q=="
    "resolved" "https://registry.npmmirror.com/@webassemblyjs/helper-wasm-bytecode/-/helper-wasm-bytecode-1.11.1.tgz"
    "version" "1.11.1"
  
  "@webassemblyjs/helper-wasm-section@1.11.1":
    "integrity" "sha512-10P9No29rYX1j7F3EVPX3JvGPQPae+AomuSTPiF9eBQeChHI6iqjMIwR9JmOJXwpnn/oVGDk7I5IlskuMwU/pg=="
    "resolved" "https://registry.npmmirror.com/@webassemblyjs/helper-wasm-section/-/helper-wasm-section-1.11.1.tgz"
    "version" "1.11.1"
    dependencies:
      "@webassemblyjs/ast" "1.11.1"
      "@webassemblyjs/helper-buffer" "1.11.1"
      "@webassemblyjs/helper-wasm-bytecode" "1.11.1"
      "@webassemblyjs/wasm-gen" "1.11.1"
  
  "@webassemblyjs/ieee754@1.11.1":
    "integrity" "sha512-hJ87QIPtAMKbFq6CGTkZYJivEwZDbQUgYd3qKSadTNOhVY7p+gfP6Sr0lLRVTaG1JjFj+r3YchoqRYxNH3M0GQ=="
    "resolved" "https://registry.npmmirror.com/@webassemblyjs/ieee754/-/ieee754-1.11.1.tgz"
    "version" "1.11.1"
    dependencies:
      "@xtuc/ieee754" "^1.2.0"
  
  "@webassemblyjs/leb128@1.11.1":
    "integrity" "sha512-BJ2P0hNZ0u+Th1YZXJpzW6miwqQUGcIHT1G/sf72gLVD9DZ5AdYTqPNbHZh6K1M5VmKvFXwGSWZADz+qBWxeRw=="
    "resolved" "https://registry.npmmirror.com/@webassemblyjs/leb128/-/leb128-1.11.1.tgz"
    "version" "1.11.1"
    dependencies:
      "@xtuc/long" "4.2.2"
  
  "@webassemblyjs/utf8@1.11.1":
    "integrity" "sha512-9kqcxAEdMhiwQkHpkNiorZzqpGrodQQ2IGrHHxCy+Ozng0ofyMA0lTqiLkVs1uzTRejX+/O0EOT7KxqVPuXosQ=="
    "resolved" "https://registry.npmmirror.com/@webassemblyjs/utf8/-/utf8-1.11.1.tgz"
    "version" "1.11.1"
  
  "@webassemblyjs/wasm-edit@1.11.1":
    "integrity" "sha512-g+RsupUC1aTHfR8CDgnsVRVZFJqdkFHpsHMfJuWQzWU3tvnLC07UqHICfP+4XyL2tnr1amvl1Sdp06TnYCmVkA=="
    "resolved" "https://registry.npmmirror.com/@webassemblyjs/wasm-edit/-/wasm-edit-1.11.1.tgz"
    "version" "1.11.1"
    dependencies:
      "@webassemblyjs/ast" "1.11.1"
      "@webassemblyjs/helper-buffer" "1.11.1"
      "@webassemblyjs/helper-wasm-bytecode" "1.11.1"
      "@webassemblyjs/helper-wasm-section" "1.11.1"
      "@webassemblyjs/wasm-gen" "1.11.1"
      "@webassemblyjs/wasm-opt" "1.11.1"
      "@webassemblyjs/wasm-parser" "1.11.1"
      "@webassemblyjs/wast-printer" "1.11.1"
  
  "@webassemblyjs/wasm-gen@1.11.1":
    "integrity" "sha512-F7QqKXwwNlMmsulj6+O7r4mmtAlCWfO/0HdgOxSklZfQcDu0TpLiD1mRt/zF25Bk59FIjEuGAIyn5ei4yMfLhA=="
    "resolved" "https://registry.npmmirror.com/@webassemblyjs/wasm-gen/-/wasm-gen-1.11.1.tgz"
    "version" "1.11.1"
    dependencies:
      "@webassemblyjs/ast" "1.11.1"
      "@webassemblyjs/helper-wasm-bytecode" "1.11.1"
      "@webassemblyjs/ieee754" "1.11.1"
      "@webassemblyjs/leb128" "1.11.1"
      "@webassemblyjs/utf8" "1.11.1"
  
  "@webassemblyjs/wasm-opt@1.11.1":
    "integrity" "sha512-VqnkNqnZlU5EB64pp1l7hdm3hmQw7Vgqa0KF/KCNO9sIpI6Fk6brDEiX+iCOYrvMuBWDws0NkTOxYEb85XQHHw=="
    "resolved" "https://registry.npmmirror.com/@webassemblyjs/wasm-opt/-/wasm-opt-1.11.1.tgz"
    "version" "1.11.1"
    dependencies:
      "@webassemblyjs/ast" "1.11.1"
      "@webassemblyjs/helper-buffer" "1.11.1"
      "@webassemblyjs/wasm-gen" "1.11.1"
      "@webassemblyjs/wasm-parser" "1.11.1"
  
  "@webassemblyjs/wasm-parser@1.11.1":
    "integrity" "sha512-rrBujw+dJu32gYB7/Lup6UhdkPx9S9SnobZzRVL7VcBH9Bt9bCBLEuX/YXOOtBsOZ4NQrRykKhffRWHvigQvOA=="
    "resolved" "https://registry.npmmirror.com/@webassemblyjs/wasm-parser/-/wasm-parser-1.11.1.tgz"
    "version" "1.11.1"
    dependencies:
      "@webassemblyjs/ast" "1.11.1"
      "@webassemblyjs/helper-api-error" "1.11.1"
      "@webassemblyjs/helper-wasm-bytecode" "1.11.1"
      "@webassemblyjs/ieee754" "1.11.1"
      "@webassemblyjs/leb128" "1.11.1"
      "@webassemblyjs/utf8" "1.11.1"
  
  "@webassemblyjs/wast-printer@1.11.1":
    "integrity" "sha512-IQboUWM4eKzWW+N/jij2sRatKMh99QEelo3Eb2q0qXkvPRISAj8Qxtmw5itwqK+TTkBuUIE45AxYPToqPtL5gg=="
    "resolved" "https://registry.npmmirror.com/@webassemblyjs/wast-printer/-/wast-printer-1.11.1.tgz"
    "version" "1.11.1"
    dependencies:
      "@webassemblyjs/ast" "1.11.1"
      "@xtuc/long" "4.2.2"
  
  "@xtuc/ieee754@^1.2.0":
    "integrity" "sha512-DX8nKgqcGwsc0eJSqYt5lwP4DH5FlHnmuWWBRy7X0NcaGR0ZtuyeESgMwTYVEtxmsNGY+qit4QYT/MIYTOTPeA=="
    "resolved" "https://registry.npmmirror.com/@xtuc/ieee754/-/ieee754-1.2.0.tgz"
    "version" "1.2.0"
  
  "@xtuc/long@4.2.2":
    "integrity" "sha512-NuHqBY1PB/D8xU6s/thBgOAiAP7HOYDQ32+BFZILJ8ivkUkAHQnWfn6WhL79Owj1qmUnoN/YPhktdIoucipkAQ=="
    "resolved" "https://registry.npmmirror.com/@xtuc/long/-/long-4.2.2.tgz"
    "version" "4.2.2"
  
  "acorn-import-assertions@^1.7.6":
    "integrity" "sha512-m7VZ3jwz4eK6A4Vtt8Ew1/mNbP24u0FhdyfA7fSvnJR6LMdfOYnmuIrrJAgrYfYJ10F/otaHTtrtrtmHdMNzEw=="
    "resolved" "https://registry.npmmirror.com/acorn-import-assertions/-/acorn-import-assertions-1.8.0.tgz"
    "version" "1.8.0"
  
  "acorn@^8", "acorn@^8.4.1", "acorn@^8.5.0":
    "integrity" "sha512-Xx54uLJQZ19lKygFXOWsscKUbsBZW0CPykPhVQdhIeIwrbPmJzqeASDInc8nKBnp/JT6igTs82qPXz069H8I/A=="
    "resolved" "https://registry.npmmirror.com/acorn/-/acorn-8.7.1.tgz"
    "version" "8.7.1"
  
  "ahooks-v3-count@^1.0.0":
    "integrity" "sha512-V7uUvAwnimu6eh/PED4mCDjE7tokeZQLKlxg9lCTMPhN+NjsSbtdacByVlR1oluXQzD3MOw55wylDmQo4+S9ZQ=="
    "resolved" "http://npm.stary.ltd:80/ahooks-v3-count/-/ahooks-v3-count-1.0.0.tgz"
    "version" "1.0.0"
  
  "ahooks@^3.5.2":
    "integrity" "sha512-0OrV3/9s339comBg/F+d9Q7lhZERZK3K5f1J8ebK3z076Kc4KkeGc1MLalFRG+95nVA0wUCZ71oJMs66fIU2Uw=="
    "resolved" "http://npm.stary.ltd:80/ahooks/-/ahooks-3.5.2.tgz"
    "version" "3.5.2"
    dependencies:
      "@types/js-cookie" "^2.x.x"
      "ahooks-v3-count" "^1.0.0"
      "dayjs" "^1.9.1"
      "intersection-observer" "^0.12.0"
      "js-cookie" "^2.x.x"
      "lodash" "^4.17.21"
      "resize-observer-polyfill" "^1.5.1"
      "screenfull" "^5.0.0"
  
  "ajv-keywords@^3.5.2":
    "integrity" "sha512-5p6WTN0DdTGVQk6VjcEju19IgaHudalcfabD7yhDGeA6bcQnmL+CpveLJq/3hvfwd1aof6L386Ougkx6RfyMIQ=="
    "resolved" "https://registry.npmmirror.com/ajv-keywords/-/ajv-keywords-3.5.2.tgz"
    "version" "3.5.2"
  
  "ajv@^6.12.5", "ajv@^6.9.1":
    "integrity" "sha512-j3fVLgvTo527anyYyJOGTYJbG+vnnQYvE0m5mmkc1TK+nxAppkCLMIL0aZ4dblVCNoGShhm+kzE4ZUykBoMg4g=="
    "resolved" "https://registry.npmmirror.com/ajv/-/ajv-6.12.6.tgz"
    "version" "6.12.6"
    dependencies:
      "fast-deep-equal" "^3.1.1"
      "fast-json-stable-stringify" "^2.0.0"
      "json-schema-traverse" "^0.4.1"
      "uri-js" "^4.2.2"
  
  "ansi-styles@^3.2.1":
    "integrity" "sha512-VT0ZI6kZRdTh8YyJw3SMbYm/u+NqfsAxEpWO0Pf9sq8/e94WxxOpPKx9FR1FlyCtOVDNOQ+8ntlqFxiRc+r5qA=="
    "resolved" "http://npm.stary.ltd:80/ansi-styles/-/ansi-styles-3.2.1.tgz"
    "version" "3.2.1"
    dependencies:
      "color-convert" "^1.9.0"
  
  "ansi-styles@^4.1.0":
    "integrity" "sha512-zbB9rCJAT1rbjiVDb2hqKFHNYLxgtk8NURxZ3IZwD3F6NtxbXZQCnnSi1Lkx+IDohdPlFp222wVALIheZJQSEg=="
    "resolved" "http://npm.stary.ltd:80/ansi-styles/-/ansi-styles-4.3.0.tgz"
    "version" "4.3.0"
    dependencies:
      "color-convert" "^2.0.1"
  
  "antd@^4.21.5":
    "integrity" "sha512-S6L29rmbiQvE4/kn1hPBscHFZ405Pbtuw3DCpXVnMt409JtY6sDaUbUcWfl4i21XkABEogKzqxjYVGogf1QIWQ=="
    "resolved" "http://npm.stary.ltd:80/antd/-/antd-4.21.5.tgz"
    "version" "4.21.5"
    dependencies:
      "@ant-design/colors" "^6.0.0"
      "@ant-design/icons" "^4.7.0"
      "@ant-design/react-slick" "~0.29.1"
      "@babel/runtime" "^7.18.3"
      "@ctrl/tinycolor" "^3.4.0"
      "classnames" "^2.2.6"
      "copy-to-clipboard" "^3.2.0"
      "lodash" "^4.17.21"
      "memoize-one" "^6.0.0"
      "moment" "^2.29.2"
      "rc-cascader" "~3.6.0"
      "rc-checkbox" "~2.3.0"
      "rc-collapse" "~3.3.0"
      "rc-dialog" "~8.9.0"
      "rc-drawer" "~4.4.2"
      "rc-dropdown" "~4.0.0"
      "rc-field-form" "~1.26.1"
      "rc-image" "~5.7.0"
      "rc-input" "~0.0.1-alpha.5"
      "rc-input-number" "~7.3.0"
      "rc-mentions" "~1.8.0"
      "rc-menu" "~9.6.0"
      "rc-motion" "^2.5.1"
      "rc-notification" "~4.6.0"
      "rc-pagination" "~3.1.16"
      "rc-picker" "~2.6.8"
      "rc-progress" "~3.3.2"
      "rc-rate" "~2.9.0"
      "rc-resize-observer" "^1.2.0"
      "rc-segmented" "~2.1.0"
      "rc-select" "~14.1.1"
      "rc-slider" "~10.0.0"
      "rc-steps" "~4.1.0"
      "rc-switch" "~3.2.0"
      "rc-table" "~7.24.0"
      "rc-tabs" "~11.16.0"
      "rc-textarea" "~0.3.0"
      "rc-tooltip" "~5.1.1"
      "rc-tree" "~5.6.5"
      "rc-tree-select" "~5.4.0"
      "rc-trigger" "^5.2.10"
      "rc-upload" "~4.3.0"
      "rc-util" "^5.22.5"
      "scroll-into-view-if-needed" "^2.2.25"
  
  "array-tree-filter@^2.1.0":
    "integrity" "sha512-4ROwICNlNw/Hqa9v+rk5h22KjmzB1JGTMVKP2AKJBOCgb0yL0ASf0+YvCcLNNwquOHNX48jkeZIJ3a+oOQqKcw=="
    "resolved" "http://npm.stary.ltd:80/array-tree-filter/-/array-tree-filter-2.1.0.tgz"
    "version" "2.1.0"
  
  "async-validator@^4.1.0":
    "integrity" "sha512-7HhHjtERjqlNbZtqNqy2rckN/SpOOlmDliet+lP7k+eKZEjPk3DgyeU9lIXLdeLz0uBbbVp+9Qdow9wJWgwwfg=="
    "resolved" "http://npm.stary.ltd:80/async-validator/-/async-validator-4.2.5.tgz"
    "version" "4.2.5"
  
  "asynckit@^0.4.0":
    "integrity" "sha1-x57Zf380y48robyXkLzDZkdLS3k="
    "resolved" "http://npm.stary.ltd:80/asynckit/-/asynckit-0.4.0.tgz"
    "version" "0.4.0"
  
  "axios@^0.27.2":
    "integrity" "sha512-t+yRIyySRTp/wua5xEr+z1q60QmLq8ABsS5O9Me1AsE5dfKqgnCFzwiCZZ/cGNd1lq4/7akDWMxdhVlucjmnOQ=="
    "resolved" "http://npm.stary.ltd:80/axios/-/axios-0.27.2.tgz"
    "version" "0.27.2"
    dependencies:
      "follow-redirects" "^1.14.9"
      "form-data" "^4.0.0"
  
  "browserslist@^4.14.5", "browserslist@^4.20.2", "browserslist@>= 4.21.0":
    "integrity" "sha512-Nq8MFCSrnJXSc88yliwlzQe3qNe3VntIjhsArW9IJOEPSHNx23FalwApUVbzAWABLhYJJ7y8AynWI/XM8OdfjQ=="
    "resolved" "http://npm.stary.ltd:80/browserslist/-/browserslist-4.21.1.tgz"
    "version" "4.21.1"
    dependencies:
      "caniuse-lite" "^1.0.30001359"
      "electron-to-chromium" "^1.4.172"
      "node-releases" "^2.0.5"
      "update-browserslist-db" "^1.0.4"
  
  "buffer-from@^1.0.0":
    "integrity" "sha512-E+XQCRwSbaaiChtv6k6Dwgc+bx+Bs6vuKJHHl5kox/BaKbhiXzqQOwK4cO22yElGp2OCmjwVhT3HmxgyPGnJfQ=="
    "resolved" "https://registry.npmmirror.com/buffer-from/-/buffer-from-1.1.2.tgz"
    "version" "1.1.2"
  
  "caniuse-lite@^1.0.30001359":
    "integrity" "sha512-HpQhpzTGGPVMnCjIomjt+jvyUu8vNFo3TaDiZ/RcoTrlOq/5+tC8zHdsbgFB6MxmaY+jCpsH09aD80Bb4Ow3Sg=="
    "resolved" "http://npm.stary.ltd:80/caniuse-lite/-/caniuse-lite-1.0.30001363.tgz"
    "version" "1.0.30001363"
  
  "chalk@^2.0.0":
    "integrity" "sha512-Mti+f9lpJNcwF4tWV8/OrTTtF1gZi+f8FqlyAdouralcFWFQWF2+NgCHShjkCb+IFBLq9buZwE1xckQU4peSuQ=="
    "resolved" "http://npm.stary.ltd:80/chalk/-/chalk-2.4.2.tgz"
    "version" "2.4.2"
    dependencies:
      "ansi-styles" "^3.2.1"
      "escape-string-regexp" "^1.0.5"
      "supports-color" "^5.3.0"
  
  "chalk@^4.1.0":
    "integrity" "sha512-oKnbhFyRIXpUuez8iBMmyEa4nbj4IOQyuhc/wy9kY7/WVPcwIO9VA668Pu8RkO7+0G76SLROeyw9CpQ061i4mA=="
    "resolved" "http://npm.stary.ltd:80/chalk/-/chalk-4.1.2.tgz"
    "version" "4.1.2"
    dependencies:
      "ansi-styles" "^4.1.0"
      "supports-color" "^7.1.0"
  
  "chrome-trace-event@^1.0.2":
    "integrity" "sha512-p3KULyQg4S7NIHixdwbGX+nFHkoBiA4YQmyWtjb8XngSKV124nJmRysgAeujbUVb15vh+RvFUfCPqU7rXk+hZg=="
    "resolved" "https://registry.npmmirror.com/chrome-trace-event/-/chrome-trace-event-1.0.3.tgz"
    "version" "1.0.3"
  
  "classnames@^2.2.1", "classnames@^2.2.3", "classnames@^2.2.5", "classnames@^2.2.6", "classnames@^2.3.1", "classnames@2.x":
    "integrity" "sha512-OlQdbZ7gLfGarSqxesMesDa5uz7KFbID8Kpq/SxIoNGDqY8lSYs0D+hhtBXhcdB3rcbXArFr7vlHheLk1voeNA=="
    "resolved" "http://npm.stary.ltd:80/classnames/-/classnames-2.3.1.tgz"
    "version" "2.3.1"
  
  "color-convert@^1.9.0":
    "integrity" "sha512-QfAUtd+vFdAtFQcC8CCyYt1fYWxSqAiK2cSD6zDB8N3cpsEBAvRxp9zOGg6G/SHHJYAT88/az/IuDGALsNVbGg=="
    "resolved" "http://npm.stary.ltd:80/color-convert/-/color-convert-1.9.3.tgz"
    "version" "1.9.3"
    dependencies:
      "color-name" "1.1.3"
  
  "color-convert@^2.0.1":
    "integrity" "sha512-RRECPsj7iu/xb5oKYcsFHSppFNnsj/52OVTRKb4zP5onXwVF3zVmmToNcOfGC+CRDpfK/U584fMg38ZHCaElKQ=="
    "resolved" "http://npm.stary.ltd:80/color-convert/-/color-convert-2.0.1.tgz"
    "version" "2.0.1"
    dependencies:
      "color-name" "~1.1.4"
  
  "color-name@~1.1.4":
    "integrity" "sha512-dOy+3AuW3a2wNbZHIuMZpTcgjGuLU/uBL/ubcZF9OXbDo8ff4O8yVp5Bf0efS8uEoYo5q4Fx7dY9OgQGXgAsQA=="
    "resolved" "http://npm.stary.ltd:80/color-name/-/color-name-1.1.4.tgz"
    "version" "1.1.4"
  
  "color-name@1.1.3":
    "integrity" "sha1-p9BVi9icQveV3UIyj3QIMcpTvCU="
    "resolved" "http://npm.stary.ltd:80/color-name/-/color-name-1.1.3.tgz"
    "version" "1.1.3"
  
  "combined-stream@^1.0.8":
    "integrity" "sha512-FQN4MRfuJeHf7cBbBMJFXhKSDq+2kAArBlmRBvcvFE5BB1HZKXtSFASDhdlz9zOYwxh8lDdnvmMOe/+5cdoEdg=="
    "resolved" "http://npm.stary.ltd:80/combined-stream/-/combined-stream-1.0.8.tgz"
    "version" "1.0.8"
    dependencies:
      "delayed-stream" "~1.0.0"
  
  "commander@*":
    "integrity" "sha512-hv95iU5uXPbK83mjrJKuZyFM/LBAoCV/XhVGkS5Je6tl7sxr6A0ITMw5WoRV46/UaJ46Nllm3Xt7IaJhXTIkzw=="
    "resolved" "https://registry.npmmirror.com/commander/-/commander-9.3.0.tgz"
    "version" "9.3.0"
  
  "commander@^2.20.0":
    "integrity" "sha512-GpVkmM8vF2vQUkj2LvZmD35JxeJOLCwJ9cUkugyk2nuhbv3+mJvpLYYt+0+USMxE+oj+ey/lJEnhZw75x/OMcQ=="
    "resolved" "https://registry.npmmirror.com/commander/-/commander-2.20.3.tgz"
    "version" "2.20.3"
  
  "compute-scroll-into-view@^1.0.17":
    "integrity" "sha512-j4dx+Fb0URmzbwwMUrhqWM2BEWHdFGx+qZ9qqASHRPqvTYdqvWnHg0H1hIbcyLnvgnoNAVMlwkepyqM3DaIFUg=="
    "resolved" "http://npm.stary.ltd:80/compute-scroll-into-view/-/compute-scroll-into-view-1.0.17.tgz"
    "version" "1.0.17"
  
  "convert-source-map@^1.7.0":
    "integrity" "sha512-+OQdjP49zViI/6i7nIJpA8rAl4sV/JdPfU9nZs3VqOwGIgizICvuN2ru6fMd+4llL0tar18UYJXfZ/TWtmhUjA=="
    "resolved" "http://npm.stary.ltd:80/convert-source-map/-/convert-source-map-1.8.0.tgz"
    "version" "1.8.0"
    dependencies:
      "safe-buffer" "~5.1.1"
  
  "copy-anything@^2.0.1":
    "integrity" "sha512-1j20GZTsvKNkc4BY3NpMOM8tt///wY3FpIzozTOFO2ffuZcV61nojHXVKIy3WM+7ADCy5FVhdZYHYDdgTU0yJw=="
    "resolved" "http://npm.stary.ltd:80/copy-anything/-/copy-anything-2.0.6.tgz"
    "version" "2.0.6"
    dependencies:
      "is-what" "^3.14.1"
  
  "copy-to-clipboard@^3.2.0":
    "integrity" "sha512-i13qo6kIHTTpCm8/Wup+0b1mVWETvu2kIMzKoK8FpkLkFxlt0znUAHcMzox+T8sPlqtZXq3CulEjQHsYiGFJUw=="
    "resolved" "http://npm.stary.ltd:80/copy-to-clipboard/-/copy-to-clipboard-3.3.1.tgz"
    "version" "3.3.1"
    dependencies:
      "toggle-selection" "^1.0.6"
  
  "csstype@^3.0.2":
    "integrity" "sha512-uX1KG+x9h5hIJsaKR9xHUeUraxf8IODOwq9JLNPq6BwB04a/xgpq3rcx47l5BZu5zBPlgD342tdke3Hom/nJRA=="
    "resolved" "http://npm.stary.ltd:80/csstype/-/csstype-3.1.0.tgz"
    "version" "3.1.0"
  
  "date-fns@2.x":
    "integrity" "sha512-8d35hViGYx/QH0icHYCeLmsLmMUheMmTyV9Fcm6gvNwdw31yXXH+O85sOBJ+OLnLQMKZowvpKb6FgMIQjcpvQw=="
    "resolved" "http://npm.stary.ltd:80/date-fns/-/date-fns-2.28.0.tgz"
    "version" "2.28.0"
  
  "dayjs@^1.9.1", "dayjs@1.x":
    "integrity" "sha512-xxwlswWOlGhzgQ4TKzASQkUhqERI3egRNqgV4ScR8wlANA/A9tZ7miXa44vTTKEq5l7vWoL5G57bG3zA+Kow0A=="
    "resolved" "http://npm.stary.ltd:80/dayjs/-/dayjs-1.11.3.tgz"
    "version" "1.11.3"
  
  "debug@^3.2.6":
    "integrity" "sha512-CFjzYYAi4ThfiQvizrFQevTTXHtnCqWfe7x1AhgEscTz6ZbLbfoLRLPugTQyBth6f8ZERVUSyWHFD/7Wu4t1XQ=="
    "resolved" "http://npm.stary.ltd:80/debug/-/debug-3.2.7.tgz"
    "version" "3.2.7"
    dependencies:
      "ms" "^2.1.1"
  
  "debug@^4.1.0":
    "integrity" "sha512-PRWFHuSU3eDtQJPvnNY7Jcket1j0t5OuOsFzPPzsekD52Zl8qUfFIPEiswXqIvHWGVHOgX+7G/vCNNhehwxfkQ=="
    "resolved" "http://npm.stary.ltd:80/debug/-/debug-4.3.4.tgz"
    "version" "4.3.4"
    dependencies:
      "ms" "2.1.2"
  
  "delayed-stream@~1.0.0":
    "integrity" "sha1-3zrhmayt+31ECqrgsp4icrJOxhk="
    "resolved" "http://npm.stary.ltd:80/delayed-stream/-/delayed-stream-1.0.0.tgz"
    "version" "1.0.0"
  
  "dom-align@^1.7.0":
    "integrity" "sha512-Gj9hZN3a07cbR6zviMUBOMPdWxYhbMI+x+WS0NAIu2zFZmbK8ys9R79g+iG9qLnlCwpFoaB+fKy8Pdv470GsPA=="
    "resolved" "http://npm.stary.ltd:80/dom-align/-/dom-align-1.12.3.tgz"
    "version" "1.12.3"
  
  "dot-case@^3.0.4":
    "integrity" "sha512-Kv5nKlh6yRrdrGvxeJ2e5y2eRUpkUosIW4A2AS38zwSz27zu7ufDwQPi5Jhs3XAlGNetl3bmnGhQsMtkKJnj3w=="
    "resolved" "http://npm.stary.ltd:80/dot-case/-/dot-case-3.0.4.tgz"
    "version" "3.0.4"
    dependencies:
      "no-case" "^3.0.4"
      "tslib" "^2.0.3"
  
  "electron-to-chromium@^1.4.172":
    "integrity" "sha512-OpEjTADzGoXABjqobGhpy0D2YsTncAax7IkER68ycc4adaq0dqEG9//9aenKPy7BGA90bqQdLac0dPp6uMkcSg=="
    "resolved" "http://npm.stary.ltd:80/electron-to-chromium/-/electron-to-chromium-1.4.182.tgz"
    "version" "1.4.182"
  
  "enhanced-resolve@^5.9.3":
    "integrity" "sha512-T0yTFjdpldGY8PmuXXR0PyQ1ufZpEGiHVrp7zHKB7jdR4qlmZHhONVM5AQOAWXuF/w3dnHbEQVrNptJgt7F+cQ=="
    "resolved" "https://registry.npmmirror.com/enhanced-resolve/-/enhanced-resolve-5.10.0.tgz"
    "version" "5.10.0"
    dependencies:
      "graceful-fs" "^4.2.4"
      "tapable" "^2.2.0"
  
  "errno@^0.1.1":
    "integrity" "sha512-dJ6oBr5SQ1VSd9qkk7ByRgb/1SH4JZjCHSW/mr63/QcXO9zLVxvJ6Oy13nio03rxpSnVDDjFor75SjVeZWPW/A=="
    "resolved" "http://npm.stary.ltd:80/errno/-/errno-0.1.8.tgz"
    "version" "0.1.8"
    dependencies:
      "prr" "~1.0.1"
  
  "es-module-lexer@^0.9.0":
    "integrity" "sha512-1HQ2M2sPtxwnvOvT1ZClHyQDiggdNjURWpY2we6aMKCQiUVxTmVs2UYPLIrD84sS+kMdUwfBSylbJPwNnBrnHQ=="
    "resolved" "https://registry.npmmirror.com/es-module-lexer/-/es-module-lexer-0.9.3.tgz"
    "version" "0.9.3"
  
  "esbuild-darwin-64@0.14.48":
    "integrity" "sha512-gGQZa4+hab2Va/Zww94YbshLuWteyKGD3+EsVon8EWTWhnHFRm5N9NbALNbwi/7hQ/hM1Zm4FuHg+k6BLsl5UA=="
    "resolved" "http://npm.stary.ltd:80/esbuild-darwin-64/-/esbuild-darwin-64-0.14.48.tgz"
    "version" "0.14.48"
  
  "esbuild@^0.14.27":
    "integrity" "sha512-w6N1Yn5MtqK2U1/WZTX9ZqUVb8IOLZkZ5AdHkT6x3cHDMVsYWC7WPdiLmx19w3i4Rwzy5LqsEMtVihG3e4rFzA=="
    "resolved" "http://npm.stary.ltd:80/esbuild/-/esbuild-0.14.48.tgz"
    "version" "0.14.48"
    optionalDependencies:
      "esbuild-android-64" "0.14.48"
      "esbuild-android-arm64" "0.14.48"
      "esbuild-darwin-64" "0.14.48"
      "esbuild-darwin-arm64" "0.14.48"
      "esbuild-freebsd-64" "0.14.48"
      "esbuild-freebsd-arm64" "0.14.48"
      "esbuild-linux-32" "0.14.48"
      "esbuild-linux-64" "0.14.48"
      "esbuild-linux-arm" "0.14.48"
      "esbuild-linux-arm64" "0.14.48"
      "esbuild-linux-mips64le" "0.14.48"
      "esbuild-linux-ppc64le" "0.14.48"
      "esbuild-linux-riscv64" "0.14.48"
      "esbuild-linux-s390x" "0.14.48"
      "esbuild-netbsd-64" "0.14.48"
      "esbuild-openbsd-64" "0.14.48"
      "esbuild-sunos-64" "0.14.48"
      "esbuild-windows-32" "0.14.48"
      "esbuild-windows-64" "0.14.48"
      "esbuild-windows-arm64" "0.14.48"
  
  "escalade@^3.1.1":
    "integrity" "sha512-k0er2gUkLf8O0zKJiAhmkTnJlTvINGv7ygDNPbeIsX/TJjGJZHuh9B2UxbsaEkmlEo9MfhrSzmhIlhRlI2GXnw=="
    "resolved" "http://npm.stary.ltd:80/escalade/-/escalade-3.1.1.tgz"
    "version" "3.1.1"
  
  "escape-string-regexp@^1.0.5":
    "integrity" "sha1-G2HAViGQqN/2rjuyzwIAyhMLhtQ="
    "resolved" "http://npm.stary.ltd:80/escape-string-regexp/-/escape-string-regexp-1.0.5.tgz"
    "version" "1.0.5"
  
  "eslint-scope@5.1.1":
    "integrity" "sha512-2NxwbF/hZ0KpepYN0cNbo+FN6XoK7GaHlQhgx/hIZl6Va0bF45RQOOwhLIy8lQDbuCiadSLCBnH2CFYquit5bw=="
    "resolved" "https://registry.npmmirror.com/eslint-scope/-/eslint-scope-5.1.1.tgz"
    "version" "5.1.1"
    dependencies:
      "esrecurse" "^4.3.0"
      "estraverse" "^4.1.1"
  
  "esrecurse@^4.3.0":
    "integrity" "sha512-KmfKL3b6G+RXvP8N1vr3Tq1kL/oCFgn2NYXEtqP8/L3pKapUA4G8cFVaoF3SU323CD4XypR/ffioHmkti6/Tag=="
    "resolved" "https://registry.npmmirror.com/esrecurse/-/esrecurse-4.3.0.tgz"
    "version" "4.3.0"
    dependencies:
      "estraverse" "^5.2.0"
  
  "estraverse@^4.1.1":
    "integrity" "sha512-39nnKffWz8xN1BU/2c79n9nB9HDzo0niYUqx6xyqUnyoAnQyyWpOTdZEeiCch8BBu515t4wp9ZmgVfVhn9EBpw=="
    "resolved" "https://registry.npmmirror.com/estraverse/-/estraverse-4.3.0.tgz"
    "version" "4.3.0"
  
  "estraverse@^5.2.0":
    "integrity" "sha512-MMdARuVEQziNTeJD8DgMqmhwR11BRQ/cBP+pLtYdSTnf3MIO8fFeiINEbX36ZdNlfU/7A9f3gUw49B3oQsvwBA=="
    "resolved" "https://registry.npmmirror.com/estraverse/-/estraverse-5.3.0.tgz"
    "version" "5.3.0"
  
  "estree-walker@^2.0.1":
    "integrity" "sha512-Rfkk/Mp/DL7JVje3u18FxFujQlTNR2q6QfMSMB7AvCBx91NGj/ba3kCfza0f6dVDbw7YlRf/nDrn7pQrCCyQ/w=="
    "resolved" "http://npm.stary.ltd:80/estree-walker/-/estree-walker-2.0.2.tgz"
    "version" "2.0.2"
  
  "events@^3.2.0":
    "integrity" "sha512-mQw+2fkQbALzQ7V0MY0IqdnXNOeTtP4r0lN9z7AAawCXgqea7bDii20AYrIBrFd/Hx0M2Ocz6S111CaFkUcb0Q=="
    "resolved" "https://registry.npmmirror.com/events/-/events-3.3.0.tgz"
    "version" "3.3.0"
  
  "fast-deep-equal@^3.1.1":
    "integrity" "sha512-f3qQ9oQy9j2AhBe/H9VC91wLmKBCCU/gDOnKNAYG5hswO7BLKj09Hc5HYNz9cGI++xlpDCIgDaitVs03ATR84Q=="
    "resolved" "https://registry.npmmirror.com/fast-deep-equal/-/fast-deep-equal-3.1.3.tgz"
    "version" "3.1.3"
  
  "fast-json-stable-stringify@^2.0.0":
    "integrity" "sha512-lhd/wF+Lk98HZoTCtlVraHtfh5XYijIjalXck7saUtuanSDyLMxnHhSXEDJqHxD7msR8D0uCmqlkwjCV8xvwHw=="
    "resolved" "https://registry.npmmirror.com/fast-json-stable-stringify/-/fast-json-stable-stringify-2.1.0.tgz"
    "version" "2.1.0"
  
  "follow-redirects@^1.14.9":
    "integrity" "sha512-yLAMQs+k0b2m7cVxpS1VKJVvoz7SS9Td1zss3XRwXj+ZDH00RJgnuLx7E44wx02kQLrdM3aOOy+FpzS7+8OizA=="
    "resolved" "http://npm.stary.ltd:80/follow-redirects/-/follow-redirects-1.15.1.tgz"
    "version" "1.15.1"
  
  "form-data@^4.0.0":
    "integrity" "sha512-ETEklSGi5t0QMZuiXoA/Q6vcnxcLQP5vdugSpuAyi6SVGi2clPPp+xgEhuMaHC+zGgn31Kd235W35f7Hykkaww=="
    "resolved" "http://npm.stary.ltd:80/form-data/-/form-data-4.0.0.tgz"
    "version" "4.0.0"
    dependencies:
      "asynckit" "^0.4.0"
      "combined-stream" "^1.0.8"
      "mime-types" "^2.1.12"
  
  "fsevents@~2.3.2":
    "integrity" "sha512-xiqMQR4xAeHTuB9uWm+fFRcIOgKBMiOBP+eXiyT7jsgVCq1bkVygt00oASowB7EdtpOHaaPgKt812P9ab+DDKA=="
    "resolved" "http://npm.stary.ltd:80/fsevents/-/fsevents-2.3.2.tgz"
    "version" "2.3.2"
  
  "function-bind@^1.1.1":
    "integrity" "sha512-yIovAzMX49sF8Yl58fSCWJ5svSLuaibPxXQJFLmBObTuCr0Mf1KiPopGM9NiFjiYBCbfaa2Fh6breQ6ANVTI0A=="
    "resolved" "http://npm.stary.ltd:80/function-bind/-/function-bind-1.1.1.tgz"
    "version" "1.1.1"
  
  "gensync@^1.0.0-beta.2":
    "integrity" "sha512-3hN7NaskYvMDLQY55gnW3NQ+mesEAepTqlg+VEbj7zzqEMBVNhzcGYYeqFo/TlYz6eQiFcp1HcsCZO+nGgS8zg=="
    "resolved" "http://npm.stary.ltd:80/gensync/-/gensync-1.0.0-beta.2.tgz"
    "version" "1.0.0-beta.2"
  
  "glob-to-regexp@^0.4.1":
    "integrity" "sha512-lkX1HJXwyMcprw/5YUZc2s7DrpAiHB21/V+E1rHUrVNokkvB6bqMzT0VfV6/86ZNabt1k14YOIaT7nDvOX3Iiw=="
    "resolved" "https://registry.npmmirror.com/glob-to-regexp/-/glob-to-regexp-0.4.1.tgz"
    "version" "0.4.1"
  
  "globals@^11.1.0":
    "integrity" "sha512-WOBp/EEGUiIsJSp7wcv/y6MO+lV9UoncWqxuFfm8eBwzWNgyfBd6Gz+IeKQ9jCmyhoH99g15M3T+QaVHFjizVA=="
    "resolved" "http://npm.stary.ltd:80/globals/-/globals-11.12.0.tgz"
    "version" "11.12.0"
  
  "graceful-fs@^4.1.2", "graceful-fs@^4.2.4", "graceful-fs@^4.2.9":
    "integrity" "sha512-9ByhssR2fPVsNZj478qUUbKfmL0+t5BDVyjShtyZZLiK7ZDAArFFfopyOTj0M05wE2tJPisA4iTnnXl2YoPvOA=="
    "resolved" "http://npm.stary.ltd:80/graceful-fs/-/graceful-fs-4.2.10.tgz"
    "version" "4.2.10"
  
  "has-flag@^3.0.0":
    "integrity" "sha1-tdRU3CGZriJWmfNGfloH87lVuv0="
    "resolved" "http://npm.stary.ltd:80/has-flag/-/has-flag-3.0.0.tgz"
    "version" "3.0.0"
  
  "has-flag@^4.0.0":
    "integrity" "sha512-EykJT/Q1KjTWctppgIAgfSO0tKVuZUjhgMr17kqTumMl6Afv3EISleU7qZUzoXDFTAHTDC4NOoG/ZxU3EvlMPQ=="
    "resolved" "http://npm.stary.ltd:80/has-flag/-/has-flag-4.0.0.tgz"
    "version" "4.0.0"
  
  "has@^1.0.3":
    "integrity" "sha512-f2dvO0VU6Oej7RkWJGrehjbzMAjFp5/VKPp5tTpWIV4JHHZK1/BxbFRtf/siA2SWTe09caDmVtYYzWEIbBS4zw=="
    "resolved" "http://npm.stary.ltd:80/has/-/has-1.0.3.tgz"
    "version" "1.0.3"
    dependencies:
      "function-bind" "^1.1.1"
  
  "history@^5.2.0":
    "integrity" "sha512-ZqaKwjjrAYUYfLG+htGaIIZ4nioX2L70ZUMIFysS3xvBsSG4x/n1V6TXV3N8ZYNuFGlDirFg32T7B6WOUPDYcQ=="
    "resolved" "http://npm.stary.ltd:80/history/-/history-5.3.0.tgz"
    "version" "5.3.0"
    dependencies:
      "@babel/runtime" "^7.7.6"
  
  "iconv-lite@^0.6.3":
    "integrity" "sha512-4fCk79wshMdzMp2rH06qWrJE4iolqLhCUH+OiuIgU++RB0+94NlDL81atO7GX55uUKueo0txHNtvEyI6D7WdMw=="
    "resolved" "http://npm.stary.ltd:80/iconv-lite/-/iconv-lite-0.6.3.tgz"
    "version" "0.6.3"
    dependencies:
      "safer-buffer" ">= 2.1.2 < 3.0.0"
  
  "image-size@~0.5.0":
    "integrity" "sha1-Cd/Uq50g4p6xw+gLiZA3jfnjy5w="
    "resolved" "http://npm.stary.ltd:80/image-size/-/image-size-0.5.5.tgz"
    "version" "0.5.5"
  
  "intersection-observer@^0.12.0":
    "integrity" "sha512-7m1vEcPCxXYI8HqnL8CKI6siDyD+eIWSwgB3DZA+ZTogxk9I4CDnj4wilt9x/+/QbHI4YG5YZNmC6458/e9Ktg=="
    "resolved" "http://npm.stary.ltd:80/intersection-observer/-/intersection-observer-0.12.2.tgz"
    "version" "0.12.2"
  
  "is-core-module@^2.9.0":
    "integrity" "sha512-+5FPy5PnwmO3lvfMb0AsoPaBG+5KHUI0wYFXOtYPnVVVspTFUuMZNfNaNVRt3FZadstu2c8x23vykRW/NBoU6A=="
    "resolved" "http://npm.stary.ltd:80/is-core-module/-/is-core-module-2.9.0.tgz"
    "version" "2.9.0"
    dependencies:
      "has" "^1.0.3"
  
  "is-what@^3.14.1":
    "integrity" "sha512-sNxgpk9793nzSs7bA6JQJGeIuRBQhAaNGG77kzYQgMkrID+lS6SlK07K5LaptscDlSaIgH+GPFzf+d75FVxozA=="
    "resolved" "http://npm.stary.ltd:80/is-what/-/is-what-3.14.1.tgz"
    "version" "3.14.1"
  
  "jest-worker@^27.4.5":
    "integrity" "sha512-7vuh85V5cdDofPyxn58nrPjBktZo0u9x1g8WtjQol+jZDaE+fhN+cIvTj11GndBnMnyfrUOG1sZQxCdjKh+DKg=="
    "resolved" "https://registry.npmmirror.com/jest-worker/-/jest-worker-27.5.1.tgz"
    "version" "27.5.1"
    dependencies:
      "@types/node" "*"
      "merge-stream" "^2.0.0"
      "supports-color" "^8.0.0"
  
  "js-cookie@^2.x.x":
    "integrity" "sha512-HvdH2LzI/EAZcUwA8+0nKNtWHqS+ZmijLA30RwZA0bo7ToCckjK5MkGhjED9KoRcXO6BaGI3I9UIzSA1FKFPOQ=="
    "resolved" "http://npm.stary.ltd:80/js-cookie/-/js-cookie-2.2.1.tgz"
    "version" "2.2.1"
  
  "js-tokens@^3.0.0 || ^4.0.0", "js-tokens@^4.0.0":
    "integrity" "sha512-RdJUflcE3cUzKiMqQgsCu06FPu9UdIJO0beYbPhHN4k6apgJtifcoCtT9bcxOpYBtpD2kCM6Sbzg4CausW/PKQ=="
    "resolved" "http://npm.stary.ltd:80/js-tokens/-/js-tokens-4.0.0.tgz"
    "version" "4.0.0"
  
  "jsesc@^2.5.1":
    "integrity" "sha512-OYu7XEzjkCQ3C5Ps3QIZsQfNpqoJyZZA99wd9aWd05NCtC5pWOkShK2mkL6HXQR6/Cy2lbNdPlZBpuQHXE63gA=="
    "resolved" "http://npm.stary.ltd:80/jsesc/-/jsesc-2.5.2.tgz"
    "version" "2.5.2"
  
  "json-parse-even-better-errors@^2.3.1":
    "integrity" "sha512-xyFwyhro/JEof6Ghe2iz2NcXoj2sloNsWr/XsERDK/oiPCfaNhl5ONfp+jQdAZRQQ0IJWNzH9zIZF7li91kh2w=="
    "resolved" "https://registry.npmmirror.com/json-parse-even-better-errors/-/json-parse-even-better-errors-2.3.1.tgz"
    "version" "2.3.1"
  
  "json-schema-traverse@^0.4.1":
    "integrity" "sha512-xbbCH5dCYU5T8LcEhhuh7HJ88HXuW3qsI3Y0zOZFKfZEHcpWiHU/Jxzk629Brsab/mMiHQti9wMP+845RPe3Vg=="
    "resolved" "https://registry.npmmirror.com/json-schema-traverse/-/json-schema-traverse-0.4.1.tgz"
    "version" "0.4.1"
  
  "json2mq@^0.2.0":
    "integrity" "sha1-tje9O6nqvhIsg+lyBIOusQ0skEo="
    "resolved" "http://npm.stary.ltd:80/json2mq/-/json2mq-0.2.0.tgz"
    "version" "0.2.0"
    dependencies:
      "string-convert" "^0.2.0"
  
  "json5@^2.2.1":
    "integrity" "sha512-1hqLFMSrGHRHxav9q9gNjJ5EXznIxGVO09xQRrwplcS8qs28pZ8s8hupZAmqDwZUmVZ2Qb2jnyPOWcDH8m8dlA=="
    "resolved" "http://npm.stary.ltd:80/json5/-/json5-2.2.1.tgz"
    "version" "2.2.1"
  
  "klona@^2.0.4":
    "integrity" "sha512-pJiBpiXMbt7dkzXe8Ghj/u4FfXOOa98fPW+bihOJ4SjnoijweJrNThJfd3ifXpXhREjpoF2mZVH1GfS9LV3kHQ=="
    "resolved" "http://npm.stary.ltd:80/klona/-/klona-2.0.5.tgz"
    "version" "2.0.5"
  
  "less-loader@^11.0.0":
    "integrity" "sha512-9+LOWWjuoectIEx3zrfN83NAGxSUB5pWEabbbidVQVgZhN+wN68pOvuyirVlH1IK4VT1f3TmlyvAnCXh8O5KEw=="
    "resolved" "http://npm.stary.ltd:80/less-loader/-/less-loader-11.0.0.tgz"
    "version" "11.0.0"
    dependencies:
      "klona" "^2.0.4"
  
  "less@*", "less@^3.5.0 || ^4.0.0", "less@^4.1.3":
    "integrity" "sha512-w16Xk/Ta9Hhyei0Gpz9m7VS8F28nieJaL/VyShID7cYvP6IL5oHeL6p4TXSDJqZE/lNv0oJ2pGVjJsRkfwm5FA=="
    "resolved" "https://registry.npmmirror.com/less/-/less-4.1.3.tgz"
    "version" "4.1.3"
    dependencies:
      "copy-anything" "^2.0.1"
      "parse-node-version" "^1.0.1"
      "tslib" "^2.3.0"
    optionalDependencies:
      "errno" "^0.1.1"
      "graceful-fs" "^4.1.2"
      "image-size" "~0.5.0"
      "make-dir" "^2.1.0"
      "mime" "^1.4.1"
      "needle" "^3.1.0"
      "source-map" "~0.6.0"
  
  "loader-runner@^4.2.0":
    "integrity" "sha512-3R/1M+yS3j5ou80Me59j7F9IMs4PXs3VqRrm0TU3AbKPxlmpoY1TNscJV/oGJXo8qCatFGTfDbY6W6ipGOYXfg=="
    "resolved" "https://registry.npmmirror.com/loader-runner/-/loader-runner-4.3.0.tgz"
    "version" "4.3.0"
  
  "lodash@^4.17.21":
    "integrity" "sha512-v2kDEe57lecTulaDIuNTPy3Ry4gLGJ6Z1O3vE1krgXZNrsQ+LFTGHVxVjcXPs17LhbZVGedAJv8XZ1tvj5FvSg=="
    "resolved" "http://npm.stary.ltd:80/lodash/-/lodash-4.17.21.tgz"
    "version" "4.17.21"
  
  "loose-envify@^1.1.0":
    "integrity" "sha512-lyuxPGr/Wfhrlem2CL/UcnUc1zcqKAImBDzukY7Y5F/yQiNdko6+fRLevlw1HgMySw7f611UIY408EtxRSoK3Q=="
    "resolved" "http://npm.stary.ltd:80/loose-envify/-/loose-envify-1.4.0.tgz"
    "version" "1.4.0"
    dependencies:
      "js-tokens" "^3.0.0 || ^4.0.0"
  
  "lower-case@^2.0.2":
    "integrity" "sha512-7fm3l3NAF9WfN6W3JOmf5drwpVqX78JtoGJ3A6W0a6ZnldM41w2fV5D490psKFTpMds8TJse/eHLFFsNHHjHgg=="
    "resolved" "http://npm.stary.ltd:80/lower-case/-/lower-case-2.0.2.tgz"
    "version" "2.0.2"
    dependencies:
      "tslib" "^2.0.3"
  
  "make-dir@^2.1.0":
    "integrity" "sha512-LS9X+dc8KLxXCb8dni79fLIIUA5VyZoyjSMCwTluaXA0o27cCK0bhXkpgw+sTXVpPy/lSO57ilRixqk0vDmtRA=="
    "resolved" "http://npm.stary.ltd:80/make-dir/-/make-dir-2.1.0.tgz"
    "version" "2.1.0"
    dependencies:
      "pify" "^4.0.1"
      "semver" "^5.6.0"
  
  "memoize-one@^6.0.0":
    "integrity" "sha512-rkpe71W0N0c0Xz6QD0eJETuWAJGnJ9afsl1srmwPrI+yBCkge5EycXXbYRyvL29zZVUWQCY7InPRCv3GDXuZNw=="
    "resolved" "http://npm.stary.ltd:80/memoize-one/-/memoize-one-6.0.0.tgz"
    "version" "6.0.0"
  
  "merge-stream@^2.0.0":
    "integrity" "sha512-abv/qOcuPfk3URPfDzmZU1LKmuw8kT+0nIHvKrKgFrwifol/doWcdA4ZqsWQ8ENrFKkd67Mfpo/LovbIUsbt3w=="
    "resolved" "https://registry.npmmirror.com/merge-stream/-/merge-stream-2.0.0.tgz"
    "version" "2.0.0"
  
  "mime-db@1.52.0":
    "integrity" "sha512-sPU4uV7dYlvtWJxwwxHD0PuihVNiE7TyAbQ5SWxDCB9mUYvOgroQOwYQQOKPJ8CIbE+1ETVlOoK1UC2nU3gYvg=="
    "resolved" "http://npm.stary.ltd:80/mime-db/-/mime-db-1.52.0.tgz"
    "version" "1.52.0"
  
  "mime-types@^2.1.12", "mime-types@^2.1.27":
    "integrity" "sha512-ZDY+bPm5zTTF+YpCrAU9nK0UgICYPT0QtT1NZWFv4s++TNkcgVaT0g6+4R2uI4MjQjzysHB1zxuWL50hzaeXiw=="
    "resolved" "http://npm.stary.ltd:80/mime-types/-/mime-types-2.1.35.tgz"
    "version" "2.1.35"
    dependencies:
      "mime-db" "1.52.0"
  
  "mime@^1.4.1":
    "integrity" "sha512-x0Vn8spI+wuJ1O6S7gnbaQg8Pxh4NNHb7KSINmEWKiPE4RKOplvijn+NkmYmmRgP68mc70j2EbeTFRsrswaQeg=="
    "resolved" "http://npm.stary.ltd:80/mime/-/mime-1.6.0.tgz"
    "version" "1.6.0"
  
  "mockjs@^1.1.0":
    "integrity" "sha512-eQsKcWzIaZzEZ07NuEyO4Nw65g0hdWAyurVol1IPl1gahRwY+svqzfgfey8U8dahLwG44d6/RwEzuK52rSa/JQ=="
    "resolved" "https://registry.npmmirror.com/mockjs/-/mockjs-1.1.0.tgz"
    "version" "1.1.0"
    dependencies:
      "commander" "*"
  
  "moment@^2.24.0", "moment@^2.29.2":
    "integrity" "sha512-5LC9SOxjSc2HF6vO2CyuTDNivEdoz2IvyJJGj6X8DJ0eFyfszE0QiEd+iXmBvUP3WHxSjFH/vIsA0EN00cgr8w=="
    "resolved" "http://npm.stary.ltd:80/moment/-/moment-2.29.4.tgz"
    "version" "2.29.4"
  
  "ms@^2.1.1":
    "integrity" "sha512-6FlzubTLZG3J2a/NVCAleEhjzq5oxgHyaCU9yYXvcLsvoVaHJq/s5xXI6/XXP6tz7R9xAOtHnSO/tXtF3WRTlA=="
    "resolved" "http://npm.stary.ltd:80/ms/-/ms-2.1.3.tgz"
    "version" "2.1.3"
  
  "ms@2.1.2":
    "integrity" "sha512-sGkPx+VjMtmA6MX27oA4FBFELFCZZ4S4XqeGOXCv68tT+jb3vk/RyaKWP0PTKyWtmLSM0b+adUTEvbs1PEaH2w=="
    "resolved" "http://npm.stary.ltd:80/ms/-/ms-2.1.2.tgz"
    "version" "2.1.2"
  
  "nanoid@^3.3.4":
    "integrity" "sha512-MqBkQh/OHTS2egovRtLk45wEyNXwF+cokD+1YPf9u5VfJiRdAiRwB2froX5Co9Rh20xs4siNPm8naNotSD6RBw=="
    "resolved" "http://npm.stary.ltd:80/nanoid/-/nanoid-3.3.4.tgz"
    "version" "3.3.4"
  
  "needle@^3.1.0":
    "integrity" "sha512-gCE9weDhjVGCRqS8dwDR/D3GTAeyXLXuqp7I8EzH6DllZGXSUyxuqqLh+YX9rMAWaaTFyVAg6rHGL25dqvczKw=="
    "resolved" "http://npm.stary.ltd:80/needle/-/needle-3.1.0.tgz"
    "version" "3.1.0"
    dependencies:
      "debug" "^3.2.6"
      "iconv-lite" "^0.6.3"
      "sax" "^1.2.4"
  
  "neo-async@^2.6.2":
    "integrity" "sha512-Yd3UES5mWCSqR+qNT93S3UoYUkqAZ9lLg8a7g9rimsWmYGK8cVToA4/sF3RrshdyV3sAGMXVUmpMYOw+dLpOuw=="
    "resolved" "https://registry.npmmirror.com/neo-async/-/neo-async-2.6.2.tgz"
    "version" "2.6.2"
  
  "no-case@^3.0.4":
    "integrity" "sha512-fgAN3jGAh+RoxUGZHTSOLJIqUc2wmoBwGR4tbpNAKmmovFoWq0OdRkb0VkldReO2a2iBT/OEulG9XSUc10r3zg=="
    "resolved" "http://npm.stary.ltd:80/no-case/-/no-case-3.0.4.tgz"
    "version" "3.0.4"
    dependencies:
      "lower-case" "^2.0.2"
      "tslib" "^2.0.3"
  
  "node-releases@^2.0.5":
    "integrity" "sha512-U9h1NLROZTq9uE1SNffn6WuPDg8icmi3ns4rEl/oTfIle4iLjTliCzgTsbaIFMq/Xn078/lfY/BL0GWZ+psK4Q=="
    "resolved" "http://npm.stary.ltd:80/node-releases/-/node-releases-2.0.5.tgz"
    "version" "2.0.5"
  
  "param-case@^3.0.4":
    "integrity" "sha512-RXlj7zCYokReqWpOPH9oYivUzLYZ5vAPIfEmCTNViosC78F8F0H9y7T7gG2M39ymgutxF5gcFEsyZQSph9Bp3A=="
    "resolved" "http://npm.stary.ltd:80/param-case/-/param-case-3.0.4.tgz"
    "version" "3.0.4"
    dependencies:
      "dot-case" "^3.0.4"
      "tslib" "^2.0.3"
  
  "parse-node-version@^1.0.1":
    "integrity" "sha512-3YHlOa/JgH6Mnpr05jP9eDG254US9ek25LyIxZlDItp2iJtwyaXQb57lBYLdT3MowkUFYEV2XXNAYIPlESvJlA=="
    "resolved" "http://npm.stary.ltd:80/parse-node-version/-/parse-node-version-1.0.1.tgz"
    "version" "1.0.1"
  
  "pascal-case@^3.1.2":
    "integrity" "sha512-uWlGT3YSnK9x3BQJaOdcZwrnV6hPpd8jFH1/ucpiLRPh/2zCVJKS19E4GvYHvaCcACn3foXZ0cLB9Wrx1KGe5g=="
    "resolved" "http://npm.stary.ltd:80/pascal-case/-/pascal-case-3.1.2.tgz"
    "version" "3.1.2"
    dependencies:
      "no-case" "^3.0.4"
      "tslib" "^2.0.3"
  
  "path-parse@^1.0.7":
    "integrity" "sha512-LDJzPVEEEPR+y48z93A0Ed0yXb8pAByGWo/k5YYdYgpY2/2EsOsksJrq7lOHxryrVOn1ejG6oAp8ahvOIQD8sw=="
    "resolved" "http://npm.stary.ltd:80/path-parse/-/path-parse-1.0.7.tgz"
    "version" "1.0.7"
  
  "picocolors@^1.0.0":
    "integrity" "sha512-1fygroTLlHu66zi26VoTDv8yRgm0Fccecssto+MhsZ0D/DGW2sm8E8AjW7NU5VVTRt5GxbeZ5qBuJr+HyLYkjQ=="
    "resolved" "http://npm.stary.ltd:80/picocolors/-/picocolors-1.0.0.tgz"
    "version" "1.0.0"
  
  "picomatch@^2.2.2":
    "integrity" "sha512-JU3teHTNjmE2VCGFzuY8EXzCDVwEqB2a8fsIvwaStHhAWJEeVd1o1QD80CU6+ZdEXXSLbSsuLwJjkCBWqRQUVA=="
    "resolved" "http://npm.stary.ltd:80/picomatch/-/picomatch-2.3.1.tgz"
    "version" "2.3.1"
  
  "pify@^4.0.1":
    "integrity" "sha512-uB80kBFb/tfd68bVleG9T5GGsGPjJrLAUpR5PZIrhBnIaRTQRjqdJSsIKkOP6OAIFbj7GOrcudc5pNjZ+geV2g=="
    "resolved" "http://npm.stary.ltd:80/pify/-/pify-4.0.1.tgz"
    "version" "4.0.1"
  
  "postcss@^8.4.13":
    "integrity" "sha512-E398TUmfAYFPBSdzgeieK2Y1+1cpdxJx8yXbK/m57nRhKSmk1GB2tO4lbLBtlkfPQTDKfe4Xqv1ASWPpayPEig=="
    "resolved" "http://npm.stary.ltd:80/postcss/-/postcss-8.4.14.tgz"
    "version" "8.4.14"
    dependencies:
      "nanoid" "^3.3.4"
      "picocolors" "^1.0.0"
      "source-map-js" "^1.0.2"
  
  "prr@~1.0.1":
    "integrity" "sha1-0/wRS6BplaRexok/SEzrHXj19HY="
    "resolved" "http://npm.stary.ltd:80/prr/-/prr-1.0.1.tgz"
    "version" "1.0.1"
  
  "punycode@^2.1.0":
    "integrity" "sha512-XRsRjdf+j5ml+y/6GKHPZbrF/8p2Yga0JPtdqTIY2Xe5ohJPD9saDJJLPvp9+NSBprVvevdXZybnj2cv8OEd0A=="
    "resolved" "https://registry.npmmirror.com/punycode/-/punycode-2.1.1.tgz"
    "version" "2.1.1"
  
  "randombytes@^2.1.0":
    "integrity" "sha512-vYl3iOX+4CKUWuxGi9Ukhie6fsqXqS9FE2Zaic4tNFD2N2QQaXOMFbuKK4QmDHC0JO6B1Zp41J0LpT0oR68amQ=="
    "resolved" "https://registry.npmmirror.com/randombytes/-/randombytes-2.1.0.tgz"
    "version" "2.1.0"
    dependencies:
      "safe-buffer" "^5.1.0"
  
  "rc-align@^4.0.0":
    "integrity" "sha512-3DuwSJp8iC/dgHzwreOQl52soj40LchlfUHtgACOUtwGuoFIOVh6n/sCpfqCU8kO5+iz6qR0YKvjgB8iPdE3aQ=="
    "resolved" "http://npm.stary.ltd:80/rc-align/-/rc-align-4.0.12.tgz"
    "version" "4.0.12"
    dependencies:
      "@babel/runtime" "^7.10.1"
      "classnames" "2.x"
      "dom-align" "^1.7.0"
      "lodash" "^4.17.21"
      "rc-util" "^5.3.0"
      "resize-observer-polyfill" "^1.5.1"
  
  "rc-cascader@~3.6.0":
    "integrity" "sha512-+GmN2Z0IybKT45t0Z94jkjmsOHGxAliobR2tzt05/Gw0AKBYLHX5bdvsVXR7abPnarYyYzZ/cWe8CoFgDjAFNw=="
    "resolved" "http://npm.stary.ltd:80/rc-cascader/-/rc-cascader-3.6.1.tgz"
    "version" "3.6.1"
    dependencies:
      "@babel/runtime" "^7.12.5"
      "array-tree-filter" "^2.1.0"
      "classnames" "^2.3.1"
      "rc-select" "~14.1.0"
      "rc-tree" "~5.6.3"
      "rc-util" "^5.6.1"
  
  "rc-checkbox@~2.3.0":
    "integrity" "sha512-afVi1FYiGv1U0JlpNH/UaEXdh6WUJjcWokj/nUN2TgG80bfG+MDdbfHKlLcNNba94mbjy2/SXJ1HDgrOkXGAjg=="
    "resolved" "http://npm.stary.ltd:80/rc-checkbox/-/rc-checkbox-2.3.2.tgz"
    "version" "2.3.2"
    dependencies:
      "@babel/runtime" "^7.10.1"
      "classnames" "^2.2.1"
  
  "rc-collapse@~3.3.0":
    "integrity" "sha512-cOJfcSe3R8vocrF8T+PgaHDrgeA1tX+lwfhwSj60NX9QVRidsILIbRNDLD6nAzmcvVC5PWiIRiR4S1OobxdhCg=="
    "resolved" "http://npm.stary.ltd:80/rc-collapse/-/rc-collapse-3.3.1.tgz"
    "version" "3.3.1"
    dependencies:
      "@babel/runtime" "^7.10.1"
      "classnames" "2.x"
      "rc-motion" "^2.3.4"
      "rc-util" "^5.2.1"
      "shallowequal" "^1.1.0"
  
  "rc-dialog@~8.9.0":
    "integrity" "sha512-Cp0tbJnrvPchJfnwIvOMWmJ4yjX3HWFatO6oBFD1jx8QkgsQCR0p8nUWAKdd3seLJhEC39/v56kZaEjwp9muoQ=="
    "resolved" "http://npm.stary.ltd:80/rc-dialog/-/rc-dialog-8.9.0.tgz"
    "version" "8.9.0"
    dependencies:
      "@babel/runtime" "^7.10.1"
      "classnames" "^2.2.6"
      "rc-motion" "^2.3.0"
      "rc-util" "^5.21.0"
  
  "rc-drawer@~4.4.2":
    "integrity" "sha512-FYztwRs3uXnFOIf1hLvFxIQP9MiZJA+0w+Os8dfDh/90X7z/HqP/Yg+noLCIeHEbKln1Tqelv8ymCAN24zPcfQ=="
    "resolved" "http://npm.stary.ltd:80/rc-drawer/-/rc-drawer-4.4.3.tgz"
    "version" "4.4.3"
    dependencies:
      "@babel/runtime" "^7.10.1"
      "classnames" "^2.2.6"
      "rc-util" "^5.7.0"
  
  "rc-dropdown@~4.0.0":
    "integrity" "sha512-OdpXuOcme1rm45cR0Jzgfl1otzmU4vuBVb+etXM8vcaULGokAKVpKlw8p6xzspG7jGd/XxShvq+N3VNEfk/l5g=="
    "resolved" "http://npm.stary.ltd:80/rc-dropdown/-/rc-dropdown-4.0.1.tgz"
    "version" "4.0.1"
    dependencies:
      "@babel/runtime" "^7.18.3"
      "classnames" "^2.2.6"
      "rc-trigger" "^5.3.1"
      "rc-util" "^5.17.0"
  
  "rc-field-form@~1.26.1":
    "integrity" "sha512-CIb7Gw+DG9R+g4HxaDGYHhOjhjQoU2mGU4y+UM2+KQ3uRz9HrrNgTspGvNynn3UamsYcYcaPWZJmiJ6VklkT/w=="
    "resolved" "http://npm.stary.ltd:80/rc-field-form/-/rc-field-form-1.26.7.tgz"
    "version" "1.26.7"
    dependencies:
      "@babel/runtime" "^7.18.0"
      "async-validator" "^4.1.0"
      "rc-util" "^5.8.0"
  
  "rc-image@~5.7.0":
    "integrity" "sha512-v6dzSgYfYrH4liKmOZKZZO+x21sJ9KPXNinBfkAoQg2Ihcd5QZ+P/JjB7v60X981XTPGjegy8U17Z8VUX4V36g=="
    "resolved" "http://npm.stary.ltd:80/rc-image/-/rc-image-5.7.0.tgz"
    "version" "5.7.0"
    dependencies:
      "@babel/runtime" "^7.11.2"
      "classnames" "^2.2.6"
      "rc-dialog" "~8.9.0"
      "rc-util" "^5.0.6"
  
  "rc-input-number@~7.3.0":
    "integrity" "sha512-W9uqSzuvJUnz8H8vsVY4kx+yK51SsAxNTwr8SNH4G3XqQNocLVmKIibKFRjocnYX1RDHMND9FFbgj2h7E7nvGA=="
    "resolved" "http://npm.stary.ltd:80/rc-input-number/-/rc-input-number-7.3.4.tgz"
    "version" "7.3.4"
    dependencies:
      "@babel/runtime" "^7.10.1"
      "classnames" "^2.2.5"
      "rc-util" "^5.9.8"
  
  "rc-input@~0.0.1-alpha.5":
    "integrity" "sha512-eozaqpCYWSY5LBMwlHgC01GArkVEP+XlJ84OMvdkwUnJBSv83Yxa15pZpn7vACAj84uDC4xOA2CoFdbLuqB08Q=="
    "resolved" "http://npm.stary.ltd:80/rc-input/-/rc-input-0.0.1-alpha.7.tgz"
    "version" "0.0.1-alpha.7"
    dependencies:
      "@babel/runtime" "^7.11.1"
      "classnames" "^2.2.1"
      "rc-util" "^5.18.1"
  
  "rc-mentions@~1.8.0":
    "integrity" "sha512-ch7yfMMvx2UXy+EvE4axm0Vp6VlVZ30WLrZtLtV/Eb1ty7rQQRzNzCwAHAMyw6tNKTMs9t9sF68AVjAzQ0rvJw=="
    "resolved" "http://npm.stary.ltd:80/rc-mentions/-/rc-mentions-1.8.0.tgz"
    "version" "1.8.0"
    dependencies:
      "@babel/runtime" "^7.10.1"
      "classnames" "^2.2.6"
      "rc-menu" "~9.6.0"
      "rc-textarea" "^0.3.0"
      "rc-trigger" "^5.0.4"
      "rc-util" "^5.0.1"
  
  "rc-menu@~9.6.0":
    "integrity" "sha512-d26waws42U/rVwW/+rOE2FN9pX6wUc9bDy38vVQYoie6gE85auWIpl5oChGlnW6nE2epnTwUsgWl8ipOPgmnUA=="
    "resolved" "http://npm.stary.ltd:80/rc-menu/-/rc-menu-9.6.0.tgz"
    "version" "9.6.0"
    dependencies:
      "@babel/runtime" "^7.10.1"
      "classnames" "2.x"
      "rc-motion" "^2.4.3"
      "rc-overflow" "^1.2.0"
      "rc-trigger" "^5.1.2"
      "rc-util" "^5.12.0"
      "shallowequal" "^1.1.0"
  
  "rc-motion@^2.0.0", "rc-motion@^2.0.1", "rc-motion@^2.2.0", "rc-motion@^2.3.0", "rc-motion@^2.3.4", "rc-motion@^2.4.3", "rc-motion@^2.4.4", "rc-motion@^2.5.1":
    "integrity" "sha512-1MDWA9+i174CZ0SIDenSYm2Wb9YbRkrexjZWR0CUFu7D6f23E8Y0KsTgk9NGOLJsGak5ELZK/Y5lOlf5wQdzbw=="
    "resolved" "http://npm.stary.ltd:80/rc-motion/-/rc-motion-2.6.0.tgz"
    "version" "2.6.0"
    dependencies:
      "@babel/runtime" "^7.11.1"
      "classnames" "^2.2.1"
      "rc-util" "^5.21.0"
  
  "rc-notification@~4.6.0":
    "integrity" "sha512-xF3MKgIoynzjQAO4lqsoraiFo3UXNYlBfpHs0VWvwF+4pimen9/H1DYLN2mfRWhHovW6gRpla73m2nmyIqAMZQ=="
    "resolved" "http://npm.stary.ltd:80/rc-notification/-/rc-notification-4.6.0.tgz"
    "version" "4.6.0"
    dependencies:
      "@babel/runtime" "^7.10.1"
      "classnames" "2.x"
      "rc-motion" "^2.2.0"
      "rc-util" "^5.20.1"
  
  "rc-overflow@^1.0.0", "rc-overflow@^1.2.0":
    "integrity" "sha512-YqbocgzuQxfq2wZy72vdAgrgzzEuM/5d4gF9TBEodCpXPbUeXGrUXNm1J6G1MSkCU2N0ePIgCEu5qD/0Ldi63Q=="
    "resolved" "http://npm.stary.ltd:80/rc-overflow/-/rc-overflow-1.2.6.tgz"
    "version" "1.2.6"
    dependencies:
      "@babel/runtime" "^7.11.1"
      "classnames" "^2.2.1"
      "rc-resize-observer" "^1.0.0"
      "rc-util" "^5.19.2"
  
  "rc-pagination@~3.1.16":
    "integrity" "sha512-/BQ5UxcBnW28vFAcP2hfh+Xg15W0QZn8TWYwdCApchMH1H0CxiaUUcULP8uXcFM1TygcdKWdt3JqsL9cTAfdkQ=="
    "resolved" "http://npm.stary.ltd:80/rc-pagination/-/rc-pagination-3.1.17.tgz"
    "version" "3.1.17"
    dependencies:
      "@babel/runtime" "^7.10.1"
      "classnames" "^2.2.1"
  
  "rc-picker@~2.6.8":
    "integrity" "sha512-9wYtw0DFWs9FO92Qh2D76P0iojUr8ZhLOtScUeOit6ks/F+TBLrOC1uze3IOu+u9gbDAjmosNWLKbBzx/Yuv2w=="
    "resolved" "http://npm.stary.ltd:80/rc-picker/-/rc-picker-2.6.10.tgz"
    "version" "2.6.10"
    dependencies:
      "@babel/runtime" "^7.10.1"
      "classnames" "^2.2.1"
      "date-fns" "2.x"
      "dayjs" "1.x"
      "moment" "^2.24.0"
      "rc-trigger" "^5.0.4"
      "rc-util" "^5.4.0"
      "shallowequal" "^1.1.0"
  
  "rc-progress@~3.3.2":
    "integrity" "sha512-MDVNVHzGanYtRy2KKraEaWeZLri2ZHWIRyaE1a9MQ2MuJ09m+Wxj5cfcaoaR6z5iRpHpA59YeUxAlpML8N4PJw=="
    "resolved" "http://npm.stary.ltd:80/rc-progress/-/rc-progress-3.3.3.tgz"
    "version" "3.3.3"
    dependencies:
      "@babel/runtime" "^7.10.1"
      "classnames" "^2.2.6"
      "rc-util" "^5.16.1"
  
  "rc-rate@~2.9.0":
    "integrity" "sha512-SaiZFyN8pe0Fgphv8t3+kidlej+cq/EALkAJAc3A0w0XcPaH2L1aggM8bhe1u6GAGuQNAoFvTLjw4qLPGRKV5g=="
    "resolved" "http://npm.stary.ltd:80/rc-rate/-/rc-rate-2.9.2.tgz"
    "version" "2.9.2"
    dependencies:
      "@babel/runtime" "^7.10.1"
      "classnames" "^2.2.5"
      "rc-util" "^5.0.1"
  
  "rc-resize-observer@^1.0.0", "rc-resize-observer@^1.1.0", "rc-resize-observer@^1.2.0":
    "integrity" "sha512-6W+UzT3PyDM0wVCEHfoW3qTHPTvbdSgiA43buiy8PzmeMnfgnDeb9NjdimMXMl3/TcrvvWl5RRVdp+NqcR47pQ=="
    "resolved" "http://npm.stary.ltd:80/rc-resize-observer/-/rc-resize-observer-1.2.0.tgz"
    "version" "1.2.0"
    dependencies:
      "@babel/runtime" "^7.10.1"
      "classnames" "^2.2.1"
      "rc-util" "^5.15.0"
      "resize-observer-polyfill" "^1.5.1"
  
  "rc-segmented@~2.1.0":
    "integrity" "sha512-hUlonro+pYoZcwrH6Vm56B2ftLfQh046hrwif/VwLIw1j3zGt52p5mREBwmeVzXnSwgnagpOpfafspzs1asjGw=="
    "resolved" "http://npm.stary.ltd:80/rc-segmented/-/rc-segmented-2.1.0.tgz"
    "version" "2.1.0"
    dependencies:
      "@babel/runtime" "^7.11.1"
      "classnames" "^2.2.1"
      "rc-motion" "^2.4.4"
      "rc-util" "^5.17.0"
  
  "rc-select@~14.1.0", "rc-select@~14.1.1":
    "integrity" "sha512-1kU/7ZCggyR5r5jVEQfAiN6Sq3LGLD2b6FNz5GWel3TOEQZYyDn0o4FAoIRqS6Y5ldWmkFxtd834ilPnG6NV6w=="
    "resolved" "http://npm.stary.ltd:80/rc-select/-/rc-select-14.1.8.tgz"
    "version" "14.1.8"
    dependencies:
      "@babel/runtime" "^7.10.1"
      "classnames" "2.x"
      "rc-motion" "^2.0.1"
      "rc-overflow" "^1.0.0"
      "rc-trigger" "^5.0.4"
      "rc-util" "^5.16.1"
      "rc-virtual-list" "^3.2.0"
  
  "rc-slider@~10.0.0":
    "integrity" "sha512-Bk54UIKWW4wyhHcL8ehAxt+wX+n69dscnHTX6Uv0FMxSke/TGrlkZz1LSIWblCpfE2zr/dwR2Ca8nZGk3U+Tbg=="
    "resolved" "http://npm.stary.ltd:80/rc-slider/-/rc-slider-10.0.0.tgz"
    "version" "10.0.0"
    dependencies:
      "@babel/runtime" "^7.10.1"
      "classnames" "^2.2.5"
      "rc-tooltip" "^5.0.1"
      "rc-util" "^5.18.1"
      "shallowequal" "^1.1.0"
  
  "rc-steps@~4.1.0":
    "integrity" "sha512-qoCqKZWSpkh/b03ASGx1WhpKnuZcRWmvuW+ZUu4mvMdfvFzVxblTwUM+9aBd0mlEUFmt6GW8FXhMpHkK3Uzp3w=="
    "resolved" "http://npm.stary.ltd:80/rc-steps/-/rc-steps-4.1.4.tgz"
    "version" "4.1.4"
    dependencies:
      "@babel/runtime" "^7.10.2"
      "classnames" "^2.2.3"
      "rc-util" "^5.0.1"
  
  "rc-switch@~3.2.0":
    "integrity" "sha512-+gUJClsZZzvAHGy1vZfnwySxj+MjLlGRyXKXScrtCTcmiYNPzxDFOxdQ/3pK1Kt/0POvwJ/6ALOR8gwdXGhs+A=="
    "resolved" "http://npm.stary.ltd:80/rc-switch/-/rc-switch-3.2.2.tgz"
    "version" "3.2.2"
    dependencies:
      "@babel/runtime" "^7.10.1"
      "classnames" "^2.2.1"
      "rc-util" "^5.0.1"
  
  "rc-table@~7.24.0":
    "integrity" "sha512-3Z74jeIpQ2t0i/PQ3iSKXsl1WGT809yzq3KzIDzEB7SIA0zat+rqwI+OnrwfhJVRp7GTjeT7sJyCatXpw1YJdg=="
    "resolved" "http://npm.stary.ltd:80/rc-table/-/rc-table-7.24.3.tgz"
    "version" "7.24.3"
    dependencies:
      "@babel/runtime" "^7.10.1"
      "classnames" "^2.2.5"
      "rc-resize-observer" "^1.1.0"
      "rc-util" "^5.14.0"
      "shallowequal" "^1.1.0"
  
  "rc-tabs@~11.16.0":
    "integrity" "sha512-CIDPv3lHaXSHTJevmFP2eHoD3Hq9psfKbOZYf6D4FYPACloNGHpz44y3RGeJgataQ7omFLrGBm3dOBMUki87tA=="
    "resolved" "http://npm.stary.ltd:80/rc-tabs/-/rc-tabs-11.16.0.tgz"
    "version" "11.16.0"
    dependencies:
      "@babel/runtime" "^7.11.2"
      "classnames" "2.x"
      "rc-dropdown" "~4.0.0"
      "rc-menu" "~9.6.0"
      "rc-resize-observer" "^1.0.0"
      "rc-util" "^5.5.0"
  
  "rc-textarea@^0.3.0", "rc-textarea@~0.3.0":
    "integrity" "sha512-yCdZ6binKmAQB13hc/oehh0E/QRwoPP1pjF21aHBxlgXO3RzPF6dUu4LG2R4FZ1zx/fQd2L1faktulrXOM/2rw=="
    "resolved" "http://npm.stary.ltd:80/rc-textarea/-/rc-textarea-0.3.7.tgz"
    "version" "0.3.7"
    dependencies:
      "@babel/runtime" "^7.10.1"
      "classnames" "^2.2.1"
      "rc-resize-observer" "^1.0.0"
      "rc-util" "^5.7.0"
      "shallowequal" "^1.1.0"
  
  "rc-tooltip@^5.0.1", "rc-tooltip@~5.1.1":
    "integrity" "sha512-alt8eGMJulio6+4/uDm7nvV+rJq9bsfxFDCI0ljPdbuoygUscbsMYb6EQgwib/uqsXQUvzk+S7A59uYHmEgmDA=="
    "resolved" "http://npm.stary.ltd:80/rc-tooltip/-/rc-tooltip-5.1.1.tgz"
    "version" "5.1.1"
    dependencies:
      "@babel/runtime" "^7.11.2"
      "rc-trigger" "^5.0.0"
  
  "rc-tree-select@~5.4.0":
    "integrity" "sha512-reRbOqC7Ic/nQocJAJeCl4n6nJUY3NoqiwRXKvhjgZJU7NGr9vIccXEsY+Lghkw5UMpPoxGsIJB0jiAvM18XYA=="
    "resolved" "http://npm.stary.ltd:80/rc-tree-select/-/rc-tree-select-5.4.0.tgz"
    "version" "5.4.0"
    dependencies:
      "@babel/runtime" "^7.10.1"
      "classnames" "2.x"
      "rc-select" "~14.1.0"
      "rc-tree" "~5.6.1"
      "rc-util" "^5.16.1"
  
  "rc-tree@~5.6.1", "rc-tree@~5.6.3", "rc-tree@~5.6.5":
    "integrity" "sha512-Bnyen46B251APyRZ9D/jYeTnSqbSEvK2AkU5B4vWkNYgUJNPrxO+VMgcDRedP/8N7YcsgdDT9hxqVvNOq7oCAQ=="
    "resolved" "http://npm.stary.ltd:80/rc-tree/-/rc-tree-5.6.5.tgz"
    "version" "5.6.5"
    dependencies:
      "@babel/runtime" "^7.10.1"
      "classnames" "2.x"
      "rc-motion" "^2.0.1"
      "rc-util" "^5.16.1"
      "rc-virtual-list" "^3.4.8"
  
  "rc-trigger@^5.0.0", "rc-trigger@^5.0.4", "rc-trigger@^5.1.2", "rc-trigger@^5.2.10", "rc-trigger@^5.3.1":
    "integrity" "sha512-5gaFbDkYSefZ14j2AdzucXzlWgU2ri5uEjkHvsf1ynRhdJbKxNOnw4PBZ9+FVULNGFiDzzlVF8RJnR9P/xrnKQ=="
    "resolved" "http://npm.stary.ltd:80/rc-trigger/-/rc-trigger-5.3.1.tgz"
    "version" "5.3.1"
    dependencies:
      "@babel/runtime" "^7.18.3"
      "classnames" "^2.2.6"
      "rc-align" "^4.0.0"
      "rc-motion" "^2.0.0"
      "rc-util" "^5.19.2"
  
  "rc-upload@~4.3.0":
    "integrity" "sha512-uVbtHFGNjHG/RyAfm9fluXB6pvArAGyAx8z7XzXXyorEgVIWj6mOlriuDm0XowDHYz4ycNK0nE0oP3cbFnzxiQ=="
    "resolved" "http://npm.stary.ltd:80/rc-upload/-/rc-upload-4.3.4.tgz"
    "version" "4.3.4"
    dependencies:
      "@babel/runtime" "^7.18.3"
      "classnames" "^2.2.5"
      "rc-util" "^5.2.0"
  
  "rc-util@^5.0.1", "rc-util@^5.0.6", "rc-util@^5.12.0", "rc-util@^5.14.0", "rc-util@^5.15.0", "rc-util@^5.16.1", "rc-util@^5.17.0", "rc-util@^5.18.1", "rc-util@^5.19.2", "rc-util@^5.2.0", "rc-util@^5.2.1", "rc-util@^5.20.1", "rc-util@^5.21.0", "rc-util@^5.22.5", "rc-util@^5.3.0", "rc-util@^5.4.0", "rc-util@^5.5.0", "rc-util@^5.6.1", "rc-util@^5.7.0", "rc-util@^5.8.0", "rc-util@^5.9.4", "rc-util@^5.9.8":
    "integrity" "sha512-awD2TGMGU97OZftT2R3JwrHWjR8k/xIwqjwcivPskciweUdgXE7QsyXkBKVSBHXS+c17AWWMDWuKWsJSheQy8g=="
    "resolved" "http://npm.stary.ltd:80/rc-util/-/rc-util-5.22.5.tgz"
    "version" "5.22.5"
    dependencies:
      "@babel/runtime" "^7.18.3"
      "react-is" "^16.12.0"
      "shallowequal" "^1.1.0"
  
  "rc-virtual-list@^3.2.0", "rc-virtual-list@^3.4.8":
    "integrity" "sha512-qSN+Rv4i/E7RCTvTMr1uZo7f3crJJg/5DekoCagydo9zsXrxj07zsFSxqizqW+ldGA16lwa8So/bIbV9Ofjddg=="
    "resolved" "http://npm.stary.ltd:80/rc-virtual-list/-/rc-virtual-list-3.4.8.tgz"
    "version" "3.4.8"
    dependencies:
      "classnames" "^2.2.6"
      "rc-resize-observer" "^1.0.0"
      "rc-util" "^5.15.0"
  
  "react-dom@*", "react-dom@^18.0.0", "react-dom@>=16.0.0", "react-dom@>=16.11.0", "react-dom@>=16.8", "react-dom@>=16.9.0":
    "integrity" "sha512-6IMTriUmvsjHUjNtEDudZfuDQUoWXVxKHhlEGSk81n4YFS+r/Kl99wXiwlVXtPBtJenozv2P+hxDsw9eA7Xo6g=="
    "resolved" "http://npm.stary.ltd:80/react-dom/-/react-dom-18.2.0.tgz"
    "version" "18.2.0"
    dependencies:
      "loose-envify" "^1.1.0"
      "scheduler" "^0.23.0"
  
  "react-is@^16.12.0":
    "integrity" "sha512-24e6ynE2H+OKt4kqsOvNd8kBpV65zoxbA4BVsEOB3ARVWQki/DHzaUoC5KuON/BiccDaCCTZBuOcfZs70kR8bQ=="
    "resolved" "http://npm.stary.ltd:80/react-is/-/react-is-16.13.1.tgz"
    "version" "16.13.1"
  
  "react-refresh@^0.13.0":
    "integrity" "sha512-XP8A9BT0CpRBD+NYLLeIhld/RqG9+gktUjW1FkE+Vm7OCinbG1SshcK5tb9ls4kzvjZr9mOQc7HYgBngEyPAXg=="
    "resolved" "http://npm.stary.ltd:80/react-refresh/-/react-refresh-0.13.0.tgz"
    "version" "0.13.0"
  
  "react-router-dom@^6.3.0":
    "integrity" "sha512-uaJj7LKytRxZNQV8+RbzJWnJ8K2nPsOOEuX7aQstlMZKQT0164C+X2w6bnkqU3sjtLvpd5ojrezAyfZ1+0sStw=="
    "resolved" "http://npm.stary.ltd:80/react-router-dom/-/react-router-dom-6.3.0.tgz"
    "version" "6.3.0"
    dependencies:
      "history" "^5.2.0"
      "react-router" "6.3.0"
  
  "react-router@6.3.0":
    "integrity" "sha512-7Wh1DzVQ+tlFjkeo+ujvjSqSJmkt1+8JO+T5xklPlgrh70y7ogx75ODRW0ThWhY7S+6yEDks8TYrtQe/aoboBQ=="
    "resolved" "http://npm.stary.ltd:80/react-router/-/react-router-6.3.0.tgz"
    "version" "6.3.0"
    dependencies:
      "history" "^5.2.0"
  
  "react@*", "react@^16.8.0 || ^17.0.0 || ^18.0.0", "react@^18.0.0", "react@^18.2.0", "react@>=16.0.0", "react@>=16.11.0", "react@>=16.8", "react@>=16.9.0":
    "integrity" "sha512-/3IjMdb2L9QbBdWiW5e3P2/npwMBaU9mHCSCUzNln0ZCYbcfTsGbTJrU/kGemdH2IWmB2ioZ+zkxtmq6g09fGQ=="
    "resolved" "http://npm.stary.ltd:80/react/-/react-18.2.0.tgz"
    "version" "18.2.0"
    dependencies:
      "loose-envify" "^1.1.0"
  
  "regenerator-runtime@^0.13.4":
    "integrity" "sha512-p3VT+cOEgxFsRRA9X4lkI1E+k2/CtnKtU4gcxyaCUreilL/vqI6CdZ3wxVUx3UOUg+gnUOQQcRI7BmSI656MYA=="
    "resolved" "http://npm.stary.ltd:80/regenerator-runtime/-/regenerator-runtime-0.13.9.tgz"
    "version" "0.13.9"
  
  "resize-observer-polyfill@^1.5.1":
    "integrity" "sha512-LwZrotdHOo12nQuZlHEmtuXdqGoOD0OhaxopaNFxWzInpEgaLWoVuAMbTzixuosCx2nEG58ngzW3vxdWoxIgdg=="
    "resolved" "http://npm.stary.ltd:80/resize-observer-polyfill/-/resize-observer-polyfill-1.5.1.tgz"
    "version" "1.5.1"
  
  "resolve@^1.22.0":
    "integrity" "sha512-nBpuuYuY5jFsli/JIs1oldw6fOQCBioohqWZg/2hiaOybXOft4lonv85uDOKXdf8rhyK159cxU5cDcK/NKk8zw=="
    "resolved" "http://npm.stary.ltd:80/resolve/-/resolve-1.22.1.tgz"
    "version" "1.22.1"
    dependencies:
      "is-core-module" "^2.9.0"
      "path-parse" "^1.0.7"
      "supports-preserve-symlinks-flag" "^1.0.0"
  
  "rollup@^2.59.0":
    "integrity" "sha512-VSE1iy0eaAYNCxEXaleThdFXqZJ42qDBatAwrfnPlENEZ8erQ+0LYX4JXOLPceWfZpV1VtZwZ3dFCuOZiSyFtQ=="
    "resolved" "http://npm.stary.ltd:80/rollup/-/rollup-2.75.7.tgz"
    "version" "2.75.7"
    optionalDependencies:
      "fsevents" "~2.3.2"
  
  "safe-buffer@^5.1.0", "safe-buffer@~5.1.1":
    "integrity" "sha512-Gd2UZBJDkXlY7GbJxfsE8/nvKkUEU1G38c1siN6QP6a9PT9MmHB8GnpscSmMJSoF8LOIrt8ud/wPtojys4G6+g=="
    "resolved" "http://npm.stary.ltd:80/safe-buffer/-/safe-buffer-5.1.2.tgz"
    "version" "5.1.2"
  
  "safer-buffer@>= 2.1.2 < 3.0.0":
    "integrity" "sha512-YZo3K82SD7Riyi0E1EQPojLz7kpepnSQI9IyPbHHg1XXXevb5dJI7tpyN2ADxGcQbHG7vcyRHk0cbwqcQriUtg=="
    "resolved" "http://npm.stary.ltd:80/safer-buffer/-/safer-buffer-2.1.2.tgz"
    "version" "2.1.2"
  
  "sax@^1.2.4":
    "integrity" "sha512-NqVDv9TpANUjFm0N8uM5GxL36UgKi9/atZw+x7YFnQ8ckwFGKrl4xX4yWtrey3UJm5nP1kUbnYgLopqWNSRhWw=="
    "resolved" "http://npm.stary.ltd:80/sax/-/sax-1.2.4.tgz"
    "version" "1.2.4"
  
  "scheduler@^0.23.0":
    "integrity" "sha512-CtuThmgHNg7zIZWAXi3AsyIzA3n4xx7aNyjwC2VJldO2LMVDhFK+63xGqq6CsJH4rTAt6/M+N4GhZiDYPx9eUw=="
    "resolved" "http://npm.stary.ltd:80/scheduler/-/scheduler-0.23.0.tgz"
    "version" "0.23.0"
    dependencies:
      "loose-envify" "^1.1.0"
  
  "schema-utils@^3.1.0", "schema-utils@^3.1.1":
    "integrity" "sha512-Y5PQxS4ITlC+EahLuXaY86TXfR7Dc5lw294alXOq86JAHCihAIZfqv8nNCWvaEJvaC51uN9hbLGeV0cFBdH+Fw=="
    "resolved" "https://registry.npmmirror.com/schema-utils/-/schema-utils-3.1.1.tgz"
    "version" "3.1.1"
    dependencies:
      "@types/json-schema" "^7.0.8"
      "ajv" "^6.12.5"
      "ajv-keywords" "^3.5.2"
  
  "screenfull@^5.0.0":
    "integrity" "sha512-9BakfsO2aUQN2K9Fdbj87RJIEZ82Q9IGim7FqM5OsebfoFC6ZHXgDq/KvniuLTPdeM8wY2o6Dj3WQ7KeQCj3cA=="
    "resolved" "http://npm.stary.ltd:80/screenfull/-/screenfull-5.2.0.tgz"
    "version" "5.2.0"
  
  "scroll-into-view-if-needed@^2.2.25":
    "integrity" "sha512-hxpAR6AN+Gh53AdAimHM6C8oTN1ppwVZITihix+WqalywBeFcQ6LdQP5ABNl26nX8GTEL7VT+b8lKpdqq65wXg=="
    "resolved" "http://npm.stary.ltd:80/scroll-into-view-if-needed/-/scroll-into-view-if-needed-2.2.29.tgz"
    "version" "2.2.29"
    dependencies:
      "compute-scroll-into-view" "^1.0.17"
  
  "semver@^5.6.0":
    "integrity" "sha512-sauaDf/PZdVgrLTNYHRtpXa1iRiKcaebiKQ1BJdpQlWH2lCvexQdX55snPFyK7QzpudqbCI0qXFfOasHdyNDGQ=="
    "resolved" "http://npm.stary.ltd:80/semver/-/semver-5.7.1.tgz"
    "version" "5.7.1"
  
  "semver@^6.3.0":
    "integrity" "sha512-b39TBaTSfV6yBrapU89p5fKekE2m/NwnDocOVruQFS1/veMgdzuPcnOM34M6CwxW8jH/lxEa5rBoDeUwu5HHTw=="
    "resolved" "http://npm.stary.ltd:80/semver/-/semver-6.3.0.tgz"
    "version" "6.3.0"
  
  "serialize-javascript@^6.0.0":
    "integrity" "sha512-Qr3TosvguFt8ePWqsvRfrKyQXIiW+nGbYpy8XK24NQHE83caxWt+mIymTT19DGFbNWNLfEwsrkSmN64lVWB9ag=="
    "resolved" "https://registry.npmmirror.com/serialize-javascript/-/serialize-javascript-6.0.0.tgz"
    "version" "6.0.0"
    dependencies:
      "randombytes" "^2.1.0"
  
  "shallowequal@^1.1.0":
    "integrity" "sha512-y0m1JoUZSlPAjXVtPPW70aZWfIL/dSP7AFkRnniLCrK/8MDKog3TySTBmckD+RObVxH0v4Tox67+F14PdED2oQ=="
    "resolved" "http://npm.stary.ltd:80/shallowequal/-/shallowequal-1.1.0.tgz"
    "version" "1.1.0"
  
  "source-map-js@^1.0.2":
    "integrity" "sha512-R0XvVJ9WusLiqTCEiGCmICCMplcCkIwwR11mOSD9CR5u+IXYdiseeEuXCVAjS54zqwkLcPNnmU4OeJ6tUrWhDw=="
    "resolved" "http://npm.stary.ltd:80/source-map-js/-/source-map-js-1.0.2.tgz"
    "version" "1.0.2"
  
  "source-map-support@~0.5.20":
    "integrity" "sha512-uBHU3L3czsIyYXKX88fdrGovxdSCoTGDRZ6SYXtSRxLZUzHg5P/66Ht6uoUlHu9EZod+inXhKo3qQgwXUT/y1w=="
    "resolved" "https://registry.npmmirror.com/source-map-support/-/source-map-support-0.5.21.tgz"
    "version" "0.5.21"
    dependencies:
      "buffer-from" "^1.0.0"
      "source-map" "^0.6.0"
  
  "source-map@^0.6.0", "source-map@~0.6.0":
    "integrity" "sha512-UjgapumWlbMhkBgzT7Ykc5YXUT46F0iKu8SGXq0bcwP5dz/h0Plj6enJqjz1Zbq2l5WaqYnrVbwWOWMyF3F47g=="
    "resolved" "http://npm.stary.ltd:80/source-map/-/source-map-0.6.1.tgz"
    "version" "0.6.1"
  
  "string-convert@^0.2.0":
    "integrity" "sha1-aYLMMEn7tM2F+LJFaLnZvznu/5c="
    "resolved" "http://npm.stary.ltd:80/string-convert/-/string-convert-0.2.1.tgz"
    "version" "0.2.1"
  
  "supports-color@^5.3.0":
    "integrity" "sha512-QjVjwdXIt408MIiAqCX4oUKsgU2EqAGzs2Ppkm4aQYbjm+ZEWEcW4SfFNTr4uMNZma0ey4f5lgLrkB0aX0QMow=="
    "resolved" "http://npm.stary.ltd:80/supports-color/-/supports-color-5.5.0.tgz"
    "version" "5.5.0"
    dependencies:
      "has-flag" "^3.0.0"
  
  "supports-color@^7.1.0":
    "integrity" "sha512-qpCAvRl9stuOHveKsn7HncJRvv501qIacKzQlO/+Lwxc9+0q2wLyv4Dfvt80/DPn2pqOBsJdDiogXGR9+OvwRw=="
    "resolved" "http://npm.stary.ltd:80/supports-color/-/supports-color-7.2.0.tgz"
    "version" "7.2.0"
    dependencies:
      "has-flag" "^4.0.0"
  
  "supports-color@^8.0.0":
    "integrity" "sha512-MpUEN2OodtUzxvKQl72cUF7RQ5EiHsGvSsVG0ia9c5RbWGL2CI4C7EpPS8UTBIplnlzZiNuV56w+FuNxy3ty2Q=="
    "resolved" "https://registry.npmmirror.com/supports-color/-/supports-color-8.1.1.tgz"
    "version" "8.1.1"
    dependencies:
      "has-flag" "^4.0.0"
  
  "supports-preserve-symlinks-flag@^1.0.0":
    "integrity" "sha512-ot0WnXS9fgdkgIcePe6RHNk1WA8+muPa6cSjeR3V8K27q9BB1rTE3R1p7Hv0z1ZyAc8s6Vvv8DIyWf681MAt0w=="
    "resolved" "http://npm.stary.ltd:80/supports-preserve-symlinks-flag/-/supports-preserve-symlinks-flag-1.0.0.tgz"
    "version" "1.0.0"
  
  "tapable@^2.1.1", "tapable@^2.2.0":
    "integrity" "sha512-GNzQvQTOIP6RyTfE2Qxb8ZVlNmw0n88vp1szwWRimP02mnTsx3Wtn5qRdqY9w2XduFNUgvOwhNnQsjwCp+kqaQ=="
    "resolved" "https://registry.npmmirror.com/tapable/-/tapable-2.2.1.tgz"
    "version" "2.2.1"
  
  "terser-webpack-plugin@^5.1.3":
    "integrity" "sha512-Fx60G5HNYknNTNQnzQ1VePRuu89ZVYWfjRAeT5rITuCY/1b08s49e5kSQwHDirKZWuoKOBRFS98EUUoZ9kLEwQ=="
    "resolved" "https://registry.npmmirror.com/terser-webpack-plugin/-/terser-webpack-plugin-5.3.3.tgz"
    "version" "5.3.3"
    dependencies:
      "@jridgewell/trace-mapping" "^0.3.7"
      "jest-worker" "^27.4.5"
      "schema-utils" "^3.1.1"
      "serialize-javascript" "^6.0.0"
      "terser" "^5.7.2"
  
  "terser@^5.7.2":
    "integrity" "sha512-+ahUAE+iheqBTDxXhTisdA8hgvbEG1hHOQ9xmNjeUJSoi6DU/gMrKNcfZjHkyY6Alnuyc+ikYJaxxfHkT3+WuQ=="
    "resolved" "https://registry.npmmirror.com/terser/-/terser-5.14.1.tgz"
    "version" "5.14.1"
    dependencies:
      "@jridgewell/source-map" "^0.3.2"
      "acorn" "^8.5.0"
      "commander" "^2.20.0"
      "source-map-support" "~0.5.20"
  
  "to-fast-properties@^2.0.0":
    "integrity" "sha1-3F5pjL0HkmW8c+A3doGk5Og/YW4="
    "resolved" "http://npm.stary.ltd:80/to-fast-properties/-/to-fast-properties-2.0.0.tgz"
    "version" "2.0.0"
  
  "toggle-selection@^1.0.6":
    "integrity" "sha1-bkWxJj8gF/oKzH2J14sVuL932jI="
    "resolved" "http://npm.stary.ltd:80/toggle-selection/-/toggle-selection-1.0.6.tgz"
    "version" "1.0.6"
  
  "tslib@^2.0.3", "tslib@^2.3.0":
    "integrity" "sha512-d6xOpEDfsi2CZVlPQzGeux8XMwLT9hssAsaPYExaQMuYskwb+x1x7J371tWlbBdWHroy99KnVB6qIkUbs5X3UQ=="
    "resolved" "http://npm.stary.ltd:80/tslib/-/tslib-2.4.0.tgz"
    "version" "2.4.0"
  
  "typescript@^4.6.3":
    "integrity" "sha512-C0WQT0gezHuw6AdY1M2jxUO83Rjf0HP7Sk1DtXj6j1EwkQNZrHAg2XPWlq62oqEhYvONq5pkC2Y9oPljWToLmQ=="
    "resolved" "http://npm.stary.ltd:80/typescript/-/typescript-4.7.4.tgz"
    "version" "4.7.4"
  
  "update-browserslist-db@^1.0.4":
    "integrity" "sha512-jnmO2BEGUjsMOe/Fg9u0oczOe/ppIDZPebzccl1yDWGLFP16Pa1/RM5wEoKYPG2zstNcDuAStejyxsOuKINdGA=="
    "resolved" "http://npm.stary.ltd:80/update-browserslist-db/-/update-browserslist-db-1.0.4.tgz"
    "version" "1.0.4"
    dependencies:
      "escalade" "^3.1.1"
      "picocolors" "^1.0.0"
  
  "uri-js@^4.2.2":
    "integrity" "sha512-7rKUyy33Q1yc98pQ1DAmLtwX109F7TIfWlW1Ydo8Wl1ii1SeHieeh0HHfPeL2fMXK6z0s8ecKs9frCuLJvndBg=="
    "resolved" "https://registry.npmmirror.com/uri-js/-/uri-js-4.4.1.tgz"
    "version" "4.4.1"
    dependencies:
      "punycode" "^2.1.0"
  
  "vite-plugin-imp@^2.2.0":
    "integrity" "sha512-L7qHTtgwbv8c05SEXAo7xhHeROW5Su8tWWUud+cFQWWHBixkBAcxqZmGFe/UoH0AhOFVqLVFAh/L+1v7W7TEiQ=="
    "resolved" "http://npm.stary.ltd:80/vite-plugin-imp/-/vite-plugin-imp-2.2.0.tgz"
    "version" "2.2.0"
    dependencies:
      "@babel/core" "^7.12.10"
      "@babel/generator" "^7.12.11"
      "@babel/parser" "^7.12.11"
      "@babel/traverse" "^7.12.12"
      "chalk" "^4.1.0"
      "param-case" "^3.0.4"
      "pascal-case" "^3.1.2"
  
  "vite@^2.9.9", "vite@>= 2.0.0-beta.5":
    "integrity" "sha512-AsOBAaT0AD7Mhe8DuK+/kE4aWYFMx/i0ZNi98hJclxb4e0OhQcZYUrvLjIaQ8e59Ui7txcvKMiJC1yftqpQoDw=="
    "resolved" "http://npm.stary.ltd:80/vite/-/vite-2.9.13.tgz"
    "version" "2.9.13"
    dependencies:
      "esbuild" "^0.14.27"
      "postcss" "^8.4.13"
      "resolve" "^1.22.0"
      "rollup" "^2.59.0"
    optionalDependencies:
      "fsevents" "~2.3.2"
  
  "watchpack@^2.3.1":
    "integrity" "sha512-Lcvm7MGST/4fup+ifyKi2hjyIAwcdI4HRgtvTpIUxBRhB+RFtUh8XtDOxUfctVCnhVi+QQj49i91OyvzkJl6cg=="
    "resolved" "https://registry.npmmirror.com/watchpack/-/watchpack-2.4.0.tgz"
    "version" "2.4.0"
    dependencies:
      "glob-to-regexp" "^0.4.1"
      "graceful-fs" "^4.1.2"
  
  "webpack-sources@^3.2.3":
    "integrity" "sha512-/DyMEOrDgLKKIG0fmvtz+4dUX/3Ghozwgm6iPp8KRhvn+eQf9+Q7GWxVNMk3+uCPWfdXYC4ExGBckIXdFEfH1w=="
    "resolved" "https://registry.npmmirror.com/webpack-sources/-/webpack-sources-3.2.3.tgz"
    "version" "3.2.3"
  
  "webpack@^5.0.0", "webpack@^5.1.0":
    "integrity" "sha512-svjudQRPPa0YiOYa2lM/Gacw0r6PvxptHj4FuEKQ2kX05ZLkjbVc5MnPs6its5j7IZljnIqSVo/OsY2X0IpHGA=="
    "resolved" "https://registry.npmmirror.com/webpack/-/webpack-5.73.0.tgz"
    "version" "5.73.0"
    dependencies:
      "@types/eslint-scope" "^3.7.3"
      "@types/estree" "^0.0.51"
      "@webassemblyjs/ast" "1.11.1"
      "@webassemblyjs/wasm-edit" "1.11.1"
      "@webassemblyjs/wasm-parser" "1.11.1"
      "acorn" "^8.4.1"
      "acorn-import-assertions" "^1.7.6"
      "browserslist" "^4.14.5"
      "chrome-trace-event" "^1.0.2"
      "enhanced-resolve" "^5.9.3"
      "es-module-lexer" "^0.9.0"
      "eslint-scope" "5.1.1"
      "events" "^3.2.0"
      "glob-to-regexp" "^0.4.1"
      "graceful-fs" "^4.2.9"
      "json-parse-even-better-errors" "^2.3.1"
      "loader-runner" "^4.2.0"
      "mime-types" "^2.1.27"
      "neo-async" "^2.6.2"
      "schema-utils" "^3.1.0"
      "tapable" "^2.1.1"
      "terser-webpack-plugin" "^5.1.3"
      "watchpack" "^2.3.1"
      "webpack-sources" "^3.2.3"
